#
# A fatal error has been detected by the Java Runtime Environment:
#
#  SIGSEGV (0xb) at pc=0x0000000112b9f000, pid=8329, tid=16899
#
# JRE version: Java(TM) SE Runtime Environment (17.0.10+11) (build 17.0.10+11-LTS-240)
# Java VM: Java HotSpot(TM) 64-Bit Server VM (17.0.10+11-LTS-240, mixed mode, sharing, tiered, compressed oops, compressed class ptrs, g1 gc, bsd-amd64)
# Problematic frame:
# C  [libnative-platform-file-events.dylib+0x0]  __dso_handle+0x0
#
# No core dump will be written. Core dumps have been disabled. To enable core dumping, try "ulimit -c unlimited" before starting Java again
#
# If you would like to submit a bug report, please visit:
#   https://bugreport.java.com/bugreport/crash.jsp
#

---------------  S U M M A R Y ------------

Command Line: --add-opens=java.base/java.util=ALL-UNNAMED --add-opens=java.base/java.lang=ALL-UNNAMED --add-opens=java.base/java.lang.invoke=ALL-UNNAMED --add-opens=java.prefs/java.util.prefs=ALL-UNNAMED --add-opens=java.base/java.nio.charset=ALL-UNNAMED --add-opens=java.base/java.net=ALL-UNNAMED --add-opens=java.base/java.util.concurrent.atomic=ALL-UNNAMED -XX:MaxMetaspaceSize=384m -XX:+HeapDumpOnOutOfMemoryError -Xms256m -Xmx512m -Dfile.encoding=UTF-8 -Duser.country=US -Duser.language=en -Duser.variant -javaagent:/Users/aprilgould/.gradle/wrapper/dists/gradle-8.8-bin/dl7vupf4psengwqhwktix4v1/gradle-8.8/lib/agents/gradle-instrumentation-agent-8.8.jar org.gradle.launcher.daemon.bootstrap.GradleDaemon 8.8

Host: "MacBookPro16,2" x86_64 2000 MHz, 8 cores, 16G, Darwin 20.3.0, macOS 11.2.3 (20D91)
Time: Thu Jul 18 18:30:44 2024 CDT elapsed time: 45.594502 seconds (0d 0h 0m 45s)

---------------  T H R E A D  ---------------

Current thread is native thread

Stack: [0x0000700002e35000,0x0000700002eb5000],  sp=0x0000700002eb2258,  free space=500k
Native frames: (J=compiled Java code, j=interpreted, Vv=VM code, C=native code)
C  [libnative-platform-file-events.dylib+0x0]  __dso_handle+0x0
C  [libnative-platform-file-events.dylib+0x15c27]  void std::__1::__variant_detail::__ctor<std::__1::__variant_detail::__traits<FileEvent, ErrorEvent, PoisonPill> >::__generic_construct[abi:v160006]<std::__1::__variant_detail::__copy_constructor<std::__1::__variant_detail::__traits<FileEvent, ErrorEvent, PoisonPill>, (std::__1::__variant_detail::_Trait)1> const&>(std::__1::__variant_detail::__ctor<std::__1::__variant_detail::__traits<FileEvent, ErrorEvent, PoisonPill> >&, std::__1::__variant_detail::__copy_constructor<std::__1::__variant_detail::__traits<FileEvent, ErrorEvent, PoisonPill>, (std::__1::__variant_detail::_Trait)1> const&)+0x47
C  [libnative-platform-file-events.dylib+0x15b8a]  std::__1::__variant_detail::__copy_constructor<std::__1::__variant_detail::__traits<FileEvent, ErrorEvent, PoisonPill>, (std::__1::__variant_detail::_Trait)1>::__copy_constructor(std::__1::__variant_detail::__copy_constructor<std::__1::__variant_detail::__traits<FileEvent, ErrorEvent, PoisonPill>, (std::__1::__variant_detail::_Trait)1> const&)+0x2a
C  [libnative-platform-file-events.dylib+0x15b4d]  std::__1::__variant_detail::__assignment<std::__1::__variant_detail::__traits<FileEvent, ErrorEvent, PoisonPill> >::__assignment(std::__1::__variant_detail::__assignment<std::__1::__variant_detail::__traits<FileEvent, ErrorEvent, PoisonPill> > const&)+0x1d
C  [libnative-platform-file-events.dylib+0x15b1d]  std::__1::__variant_detail::__move_assignment<std::__1::__variant_detail::__traits<FileEvent, ErrorEvent, PoisonPill>, (std::__1::__variant_detail::_Trait)1>::__move_assignment(std::__1::__variant_detail::__move_assignment<std::__1::__variant_detail::__traits<FileEvent, ErrorEvent, PoisonPill>, (std::__1::__variant_detail::_Trait)1> const&)+0x1d
C  [libnative-platform-file-events.dylib+0x15aed]  std::__1::__variant_detail::__copy_assignment<std::__1::__variant_detail::__traits<FileEvent, ErrorEvent, PoisonPill>, (std::__1::__variant_detail::_Trait)1>::__copy_assignment(std::__1::__variant_detail::__copy_assignment<std::__1::__variant_detail::__traits<FileEvent, ErrorEvent, PoisonPill>, (std::__1::__variant_detail::_Trait)1> const&)+0x1d
C  [libnative-platform-file-events.dylib+0x15abd]  std::__1::__variant_detail::__impl<FileEvent, ErrorEvent, PoisonPill>::__impl(std::__1::__variant_detail::__impl<FileEvent, ErrorEvent, PoisonPill> const&)+0x1d
C  [libnative-platform-file-events.dylib+0x15a8d]  std::__1::__variant_detail::__impl<FileEvent, ErrorEvent, PoisonPill>::__impl(std::__1::__variant_detail::__impl<FileEvent, ErrorEvent, PoisonPill> const&)+0x1d
C  [libnative-platform-file-events.dylib+0x15a5d]  std::__1::variant<FileEvent, ErrorEvent, PoisonPill>::variant(std::__1::variant<FileEvent, ErrorEvent, PoisonPill> const&)+0x1d
C  [libnative-platform-file-events.dylib+0x15a2d]  std::__1::variant<FileEvent, ErrorEvent, PoisonPill>::variant(std::__1::variant<FileEvent, ErrorEvent, PoisonPill> const&)+0x1d
C  [libnative-platform-file-events.dylib+0x15a01]  void std::__1::allocator<std::__1::variant<FileEvent, ErrorEvent, PoisonPill> >::construct[abi:v160006]<std::__1::variant<FileEvent, ErrorEvent, PoisonPill>, std::__1::variant<FileEvent, ErrorEvent, PoisonPill> const&>(std::__1::variant<FileEvent, ErrorEvent, PoisonPill>*, std::__1::variant<FileEvent, ErrorEvent, PoisonPill> const&)+0x21
C  [libnative-platform-file-events.dylib+0x13805]  void std::__1::allocator_traits<std::__1::allocator<std::__1::variant<FileEvent, ErrorEvent, PoisonPill> > >::construct[abi:v160006]<std::__1::variant<FileEvent, ErrorEvent, PoisonPill>, std::__1::variant<FileEvent, ErrorEvent, PoisonPill> const&, void>(std::__1::allocator<std::__1::variant<FileEvent, ErrorEvent, PoisonPill> >&, std::__1::variant<FileEvent, ErrorEvent, PoisonPill>*, std::__1::variant<FileEvent, ErrorEvent, PoisonPill> const&)+0x25
C  [libnative-platform-file-events.dylib+0x133ef]  std::__1::deque<std::__1::variant<FileEvent, ErrorEvent, PoisonPill>, std::__1::allocator<std::__1::variant<FileEvent, ErrorEvent, PoisonPill> > >::push_back(std::__1::variant<FileEvent, ErrorEvent, PoisonPill> const&)+0x6f
C  [libnative-platform-file-events.dylib+0x1336d]  std::__1::queue<std::__1::variant<FileEvent, ErrorEvent, PoisonPill>, std::__1::deque<std::__1::variant<FileEvent, ErrorEvent, PoisonPill>, std::__1::allocator<std::__1::variant<FileEvent, ErrorEvent, PoisonPill> > > >::push[abi:v160006](std::__1::variant<FileEvent, ErrorEvent, PoisonPill> const&)+0x1d
C  [libnative-platform-file-events.dylib+0xd9d2]  BlockingQueue<std::__1::variant<FileEvent, ErrorEvent, PoisonPill> >::enqueue(std::__1::variant<FileEvent, ErrorEvent, PoisonPill> const&)+0x32
C  [libnative-platform-file-events.dylib+0xd809]  Server::handleEvents(unsigned long, char**, unsigned int const*, unsigned long long const*)+0xb9
C  [libnative-platform-file-events.dylib+0xd441]  handleEventsCallback(__FSEventStream const*, void*, unsigned long, void*, unsigned int const*, unsigned long long const*)+0x41
C  [FSEvents+0x2957]  implementation_callback_rpc+0xb5f
C  [FSEvents+0x1d7e]  _Xcallback_rpc+0xe9
C  [FSEvents+0x1c77]  FSEventsD2F_server+0x37
C  [FSEvents+0x4dc6]  receive_and_dispatch_rcv_msg+0xfc
C  [libdispatch.dylib+0x37c7]  _dispatch_client_callout+0x8
C  [libdispatch.dylib+0x6195]  _dispatch_continuation_pop+0x1a7
C  [libdispatch.dylib+0x16550]  _dispatch_source_invoke+0x81f
C  [libdispatch.dylib+0x94a7]  _dispatch_lane_serial_drain+0x107
C  [libdispatch.dylib+0xa0cb]  _dispatch_lane_invoke+0x177
C  [libdispatch.dylib+0x13c5d]  _dispatch_workloop_worker_thread+0x333
C  [libsystem_pthread.dylib+0x3499]  _pthread_wqthread+0x13a
C  [libsystem_pthread.dylib+0x2467]  start_wqthread+0xf


siginfo: si_signo: 11 (SIGSEGV), si_code: 0 (unknown), si_addr: 0x0000000000000000

Registers:
RAX=0x0000000112b9f000, RBX=0x00007fbc8e8da540, RCX=0x0000000000000000, RDX=0x0000700002eb25e0
RSP=0x0000700002eb2258, RBP=0x0000700002eb22b0, RSI=0x00007fbc8991d600, RDI=0x0000700002eb22c8
R8 =0x000000000000971d, R9 =0x0000000000000801, R10=0x00007fbc89800000, R11=0x00000000d50af731
R12=0x000000010d7ff000, R13=0x0000000000000000, R14=0x00007fbc880e0960, R15=0x0000000000000000
RIP=0x0000000112b9f000, EFLAGS=0x0000000000010206, ERR=0x0000000000000000
  TRAPNO=0x000000000000000d


Top of Stack: (sp=0x0000700002eb2258)
0x0000700002eb2258:   0000000112bb4d8c 0000700002eb22c8
0x0000700002eb2268:   00007fbc8991d600 0000000112b9f000
0x0000700002eb2278:   0000000112b9f000 0000000112b9f000
0x0000700002eb2288:   0000000112b9f000 0000700002eb25e0
0x0000700002eb2298:   00007fbc8991d600 0000700002eb22c8
0x0000700002eb22a8:   0000000000000000 0000700002eb22e0
0x0000700002eb22b8:   0000000112bb4c27 0000700002eb22e0
0x0000700002eb22c8:   0000000112bb4bd5 0000700002eb25e0
0x0000700002eb22d8:   00007fbc8991d600 0000700002eb2320
0x0000700002eb22e8:   0000000112bb4b8a 00007fbc8991d600
0x0000700002eb22f8:   0000000112bb4849 0000000000000000
0x0000700002eb2308:   0000700002eb23e0 0000700002eb25e0
0x0000700002eb2318:   00007fbc8991d600 0000700002eb2340
0x0000700002eb2328:   0000000112bb4b4d 0000700002eb25e0
0x0000700002eb2338:   00007fbc8991d600 0000700002eb2360
0x0000700002eb2348:   0000000112bb4b1d 0000700002eb25e0
0x0000700002eb2358:   00007fbc8991d600 0000700002eb2380
0x0000700002eb2368:   0000000112bb4aed 0000700002eb25e0
0x0000700002eb2378:   00007fbc8991d600 0000700002eb23a0
0x0000700002eb2388:   0000000112bb4abd 0000700002eb25e0
0x0000700002eb2398:   00007fbc8991d600 0000700002eb23c0
0x0000700002eb23a8:   0000000112bb4a8d 0000700002eb25e0
0x0000700002eb23b8:   00007fbc8991d600 0000700002eb23e0
0x0000700002eb23c8:   0000000112bb4a5d 0000700002eb25e0
0x0000700002eb23d8:   00007fbc8991d600 0000700002eb2400
0x0000700002eb23e8:   0000000112bb4a2d 0000700002eb25e0
0x0000700002eb23f8:   00007fbc8991d600 0000700002eb2430
0x0000700002eb2408:   0000000112bb4a01 00007fbc8991d600
0x0000700002eb2418:   0000700002eb25e0 00007fbc8991d600
0x0000700002eb2428:   00007fbc8803cb68 0000700002eb2460
0x0000700002eb2438:   0000000112bb2805 0000000000000000
0x0000700002eb2448:   0000700002eb25e0 00007fbc8991d600 

Instructions: (pc=0x0000000112b9f000)
0x0000000112b9ef00:   00 00 00 00 00 00 00 00 00 00 00 00 00 00 00 00
0x0000000112b9ef10:   00 00 00 00 00 00 00 00 00 00 00 00 00 00 00 00
0x0000000112b9ef20:   00 00 00 00 00 00 00 00 00 00 00 00 00 00 00 00
0x0000000112b9ef30:   00 00 00 00 00 00 00 00 00 00 00 00 00 00 00 00
0x0000000112b9ef40:   00 00 00 00 00 00 00 00 00 00 00 00 00 00 00 00
0x0000000112b9ef50:   00 00 00 00 00 00 00 00 00 00 00 00 00 00 00 00
0x0000000112b9ef60:   00 00 00 00 00 00 00 00 00 00 00 00 00 00 00 00
0x0000000112b9ef70:   00 00 00 00 00 00 00 00 00 00 00 00 00 00 00 00
0x0000000112b9ef80:   00 00 00 00 00 00 00 00 00 00 00 00 00 00 00 00
0x0000000112b9ef90:   00 00 00 00 00 00 00 00 00 00 00 00 00 00 00 00
0x0000000112b9efa0:   00 00 00 00 00 00 00 00 00 00 00 00 00 00 00 00
0x0000000112b9efb0:   00 00 00 00 00 00 00 00 00 00 00 00 00 00 00 00
0x0000000112b9efc0:   00 00 00 00 00 00 00 00 00 00 00 00 00 00 00 00
0x0000000112b9efd0:   00 00 00 00 00 00 00 00 00 00 00 00 00 00 00 00
0x0000000112b9efe0:   00 00 00 00 00 00 00 00 00 00 00 00 00 00 00 00
0x0000000112b9eff0:   00 00 00 00 00 00 00 00 00 00 00 00 00 00 00 00
0x0000000112b9f000:   cf fa ed fe 07 00 00 01 03 00 00 00 06 00 00 00
0x0000000112b9f010:   10 00 00 00 00 07 00 00 85 80 11 00 00 00 00 00
0x0000000112b9f020:   19 00 00 00 78 02 00 00 5f 5f 54 45 58 54 00 00
0x0000000112b9f030:   00 00 00 00 00 00 00 00 00 00 00 00 00 00 00 00
0x0000000112b9f040:   00 c0 01 00 00 00 00 00 00 00 00 00 00 00 00 00
0x0000000112b9f050:   00 c0 01 00 00 00 00 00 05 00 00 00 05 00 00 00
0x0000000112b9f060:   07 00 00 00 00 00 00 00 5f 5f 74 65 78 74 00 00
0x0000000112b9f070:   00 00 00 00 00 00 00 00 5f 5f 54 45 58 54 00 00
0x0000000112b9f080:   00 00 00 00 00 00 00 00 80 19 00 00 00 00 00 00
0x0000000112b9f090:   dc 7d 01 00 00 00 00 00 80 19 00 00 04 00 00 00
0x0000000112b9f0a0:   00 00 00 00 00 00 00 00 00 04 00 80 00 00 00 00
0x0000000112b9f0b0:   00 00 00 00 00 00 00 00 5f 5f 73 74 75 62 73 00
0x0000000112b9f0c0:   00 00 00 00 00 00 00 00 5f 5f 54 45 58 54 00 00
0x0000000112b9f0d0:   00 00 00 00 00 00 00 00 5c 97 01 00 00 00 00 00
0x0000000112b9f0e0:   ec 04 00 00 00 00 00 00 5c 97 01 00 00 00 00 00
0x0000000112b9f0f0:   00 00 00 00 00 00 00 00 08 04 00 80 00 00 00 00 



---------------  P R O C E S S  ---------------

VM state: not at safepoint (normal execution)

VM Mutex/Monitor currently owned by a thread: None

Heap address: 0x00000007e0000000, size: 512 MB, Compressed Oops mode: Zero based, Oop shift amount: 3

CDS archive(s) mapped at: [0x000000012d000000-0x000000012dbe0000-0x000000012dbe0000), size 12451840, SharedBaseAddress: 0x000000012d000000, ArchiveRelocationMode: 1.
Compressed class space mapped at: 0x000000012e000000-0x0000000142000000, reserved size: 335544320
Narrow klass base: 0x000000012d000000, Narrow klass shift: 0, Narrow klass range: 0x100000000

GC Precious Log:
<Skipped>

Heap:
 garbage-first heap   total 262144K, used 126238K [0x00000007e0000000, 0x0000000800000000)
  region size 1024K, 27 young (27648K), 12 survivors (12288K)
 Metaspace       used 71818K, committed 72704K, reserved 393216K
  class space    used 10296K, committed 10688K, reserved 327680K

Heap Regions: E=young(eden), S=young(survivor), O=old, HS=humongous(starts), HC=humongous(continues), CS=collection set, F=free, OA=open archive, CA=closed archive, TAMS=top-at-mark-start (previous, next)
|   0|0x00000007e0000000, 0x00000007e0100000, 0x00000007e0100000|100%|HS|  |TAMS 0x00000007e0100000, 0x00000007e0000000| Complete 
|   1|0x00000007e0100000, 0x00000007e0200000, 0x00000007e0200000|100%|HC|  |TAMS 0x00000007e0200000, 0x00000007e0100000| Complete 
|   2|0x00000007e0200000, 0x00000007e0300000, 0x00000007e0300000|100%|HC|  |TAMS 0x00000007e0300000, 0x00000007e0200000| Complete 
|   3|0x00000007e0300000, 0x00000007e0400000, 0x00000007e0400000|100%|HC|  |TAMS 0x00000007e0400000, 0x00000007e0300000| Complete 
|   4|0x00000007e0400000, 0x00000007e0500000, 0x00000007e0500000|100%| O|  |TAMS 0x00000007e0500000, 0x00000007e0400000| Untracked 
|   5|0x00000007e0500000, 0x00000007e0600000, 0x00000007e0600000|100%| O|  |TAMS 0x00000007e0600000, 0x00000007e0500000| Untracked 
|   6|0x00000007e0600000, 0x00000007e0700000, 0x00000007e0700000|100%| O|  |TAMS 0x00000007e0700000, 0x00000007e0600000| Untracked 
|   7|0x00000007e0700000, 0x00000007e0800000, 0x00000007e0800000|100%| O|  |TAMS 0x00000007e0800000, 0x00000007e0700000| Untracked 
|   8|0x00000007e0800000, 0x00000007e0900000, 0x00000007e0900000|100%|HS|  |TAMS 0x00000007e0900000, 0x00000007e0800000| Complete 
|   9|0x00000007e0900000, 0x00000007e0a00000, 0x00000007e0a00000|100%| O|  |TAMS 0x00000007e0a00000, 0x00000007e0900000| Untracked 
|  10|0x00000007e0a00000, 0x00000007e0b00000, 0x00000007e0b00000|100%| O|  |TAMS 0x00000007e0b00000, 0x00000007e0a00000| Untracked 
|  11|0x00000007e0b00000, 0x00000007e0c00000, 0x00000007e0c00000|100%| O|  |TAMS 0x00000007e0c00000, 0x00000007e0b00000| Untracked 
|  12|0x00000007e0c00000, 0x00000007e0cc0600, 0x00000007e0d00000| 75%| O|  |TAMS 0x00000007e0cc0600, 0x00000007e0c00000| Untracked 
|  13|0x00000007e0d00000, 0x00000007e0e00000, 0x00000007e0e00000|100%|HS|  |TAMS 0x00000007e0e00000, 0x00000007e0d00000| Complete 
|  14|0x00000007e0e00000, 0x00000007e0f00000, 0x00000007e0f00000|100%|HC|  |TAMS 0x00000007e0f00000, 0x00000007e0e00000| Complete 
|  15|0x00000007e0f00000, 0x00000007e1000000, 0x00000007e1000000|100%|HS|  |TAMS 0x00000007e1000000, 0x00000007e0f00000| Complete 
|  16|0x00000007e1000000, 0x00000007e1100000, 0x00000007e1100000|100%|HC|  |TAMS 0x00000007e1100000, 0x00000007e1000000| Complete 
|  17|0x00000007e1100000, 0x00000007e1200000, 0x00000007e1200000|100%|HC|  |TAMS 0x00000007e1200000, 0x00000007e1100000| Complete 
|  18|0x00000007e1200000, 0x00000007e1300000, 0x00000007e1300000|100%|HS|  |TAMS 0x00000007e1300000, 0x00000007e1200000| Complete 
|  19|0x00000007e1300000, 0x00000007e1400000, 0x00000007e1400000|100%|HC|  |TAMS 0x00000007e1400000, 0x00000007e1300000| Complete 
|  20|0x00000007e1400000, 0x00000007e1500000, 0x00000007e1500000|100%|HC|  |TAMS 0x00000007e1500000, 0x00000007e1400000| Complete 
|  21|0x00000007e1500000, 0x00000007e1600000, 0x00000007e1600000|100%|HS|  |TAMS 0x00000007e1600000, 0x00000007e1500000| Complete 
|  22|0x00000007e1600000, 0x00000007e1700000, 0x00000007e1700000|100%|HC|  |TAMS 0x00000007e1700000, 0x00000007e1600000| Complete 
|  23|0x00000007e1700000, 0x00000007e1800000, 0x00000007e1800000|100%|HC|  |TAMS 0x00000007e1800000, 0x00000007e1700000| Complete 
|  24|0x00000007e1800000, 0x00000007e1900000, 0x00000007e1900000|100%|HS|  |TAMS 0x00000007e1900000, 0x00000007e1800000| Complete 
|  25|0x00000007e1900000, 0x00000007e1a00000, 0x00000007e1a00000|100%|HC|  |TAMS 0x00000007e1a00000, 0x00000007e1900000| Complete 
|  26|0x00000007e1a00000, 0x00000007e1b00000, 0x00000007e1b00000|100%|HC|  |TAMS 0x00000007e1b00000, 0x00000007e1a00000| Complete 
|  27|0x00000007e1b00000, 0x00000007e1c00000, 0x00000007e1c00000|100%| O|  |TAMS 0x00000007e1c00000, 0x00000007e1b00000| Untracked 
|  28|0x00000007e1c00000, 0x00000007e1d00000, 0x00000007e1d00000|100%| O|  |TAMS 0x00000007e1d00000, 0x00000007e1c00000| Untracked 
|  29|0x00000007e1d00000, 0x00000007e1e00000, 0x00000007e1e00000|100%| O|  |TAMS 0x00000007e1e00000, 0x00000007e1d00000| Untracked 
|  30|0x00000007e1e00000, 0x00000007e1f00000, 0x00000007e1f00000|100%| O|  |TAMS 0x00000007e1f00000, 0x00000007e1e00000| Untracked 
|  31|0x00000007e1f00000, 0x00000007e2000000, 0x00000007e2000000|100%| O|  |TAMS 0x00000007e2000000, 0x00000007e1f00000| Untracked 
|  32|0x00000007e2000000, 0x00000007e2100000, 0x00000007e2100000|100%| O|  |TAMS 0x00000007e2100000, 0x00000007e2000000| Untracked 
|  33|0x00000007e2100000, 0x00000007e2200000, 0x00000007e2200000|100%|HS|  |TAMS 0x00000007e2200000, 0x00000007e2100000| Complete 
|  34|0x00000007e2200000, 0x00000007e2300000, 0x00000007e2300000|100%|HC|  |TAMS 0x00000007e2300000, 0x00000007e2200000| Complete 
|  35|0x00000007e2300000, 0x00000007e2400000, 0x00000007e2400000|100%|HC|  |TAMS 0x00000007e2400000, 0x00000007e2300000| Complete 
|  36|0x00000007e2400000, 0x00000007e2500000, 0x00000007e2500000|100%|HS|  |TAMS 0x00000007e2500000, 0x00000007e2400000| Complete 
|  37|0x00000007e2500000, 0x00000007e2600000, 0x00000007e2600000|100%|HC|  |TAMS 0x00000007e2600000, 0x00000007e2500000| Complete 
|  38|0x00000007e2600000, 0x00000007e2700000, 0x00000007e2700000|100%|HC|  |TAMS 0x00000007e2700000, 0x00000007e2600000| Complete 
|  39|0x00000007e2700000, 0x00000007e2800000, 0x00000007e2800000|100%| O|  |TAMS 0x00000007e2800000, 0x00000007e2700000| Untracked 
|  40|0x00000007e2800000, 0x00000007e2900000, 0x00000007e2900000|100%| O|  |TAMS 0x00000007e2900000, 0x00000007e2800000| Untracked 
|  41|0x00000007e2900000, 0x00000007e2a00000, 0x00000007e2a00000|100%| O|  |TAMS 0x00000007e2a00000, 0x00000007e2900000| Untracked 
|  42|0x00000007e2a00000, 0x00000007e2b00000, 0x00000007e2b00000|100%| O|  |TAMS 0x00000007e2b00000, 0x00000007e2a00000| Untracked 
|  43|0x00000007e2b00000, 0x00000007e2c00000, 0x00000007e2c00000|100%| O|  |TAMS 0x00000007e2c00000, 0x00000007e2b00000| Untracked 
|  44|0x00000007e2c00000, 0x00000007e2d00000, 0x00000007e2d00000|100%| O|  |TAMS 0x00000007e2d00000, 0x00000007e2c00000| Untracked 
|  45|0x00000007e2d00000, 0x00000007e2e00000, 0x00000007e2e00000|100%| O|  |TAMS 0x00000007e2e00000, 0x00000007e2d00000| Untracked 
|  46|0x00000007e2e00000, 0x00000007e2f00000, 0x00000007e2f00000|100%| O|  |TAMS 0x00000007e2f00000, 0x00000007e2e00000| Untracked 
|  47|0x00000007e2f00000, 0x00000007e3000000, 0x00000007e3000000|100%| O|  |TAMS 0x00000007e3000000, 0x00000007e2f00000| Untracked 
|  48|0x00000007e3000000, 0x00000007e3100000, 0x00000007e3100000|100%| O|  |TAMS 0x00000007e3100000, 0x00000007e3000000| Untracked 
|  49|0x00000007e3100000, 0x00000007e3200000, 0x00000007e3200000|100%| O|  |TAMS 0x00000007e3200000, 0x00000007e3100000| Untracked 
|  50|0x00000007e3200000, 0x00000007e3300000, 0x00000007e3300000|100%| O|  |TAMS 0x00000007e3300000, 0x00000007e3200000| Untracked 
|  51|0x00000007e3300000, 0x00000007e3400000, 0x00000007e3400000|100%| O|  |TAMS 0x00000007e3400000, 0x00000007e3300000| Untracked 
|  52|0x00000007e3400000, 0x00000007e3500000, 0x00000007e3500000|100%| O|  |TAMS 0x00000007e3500000, 0x00000007e3400000| Untracked 
|  53|0x00000007e3500000, 0x00000007e3600000, 0x00000007e3600000|100%| O|  |TAMS 0x00000007e3600000, 0x00000007e3500000| Untracked 
|  54|0x00000007e3600000, 0x00000007e3700000, 0x00000007e3700000|100%| O|  |TAMS 0x00000007e3700000, 0x00000007e3600000| Untracked 
|  55|0x00000007e3700000, 0x00000007e3800000, 0x00000007e3800000|100%|HS|  |TAMS 0x00000007e3800000, 0x00000007e3700000| Complete 
|  56|0x00000007e3800000, 0x00000007e3900000, 0x00000007e3900000|100%|HC|  |TAMS 0x00000007e3900000, 0x00000007e3800000| Complete 
|  57|0x00000007e3900000, 0x00000007e3a00000, 0x00000007e3a00000|100%|HS|  |TAMS 0x00000007e3a00000, 0x00000007e3900000| Complete 
|  58|0x00000007e3a00000, 0x00000007e3b00000, 0x00000007e3b00000|100%|HC|  |TAMS 0x00000007e3b00000, 0x00000007e3a00000| Complete 
|  59|0x00000007e3b00000, 0x00000007e3c00000, 0x00000007e3c00000|100%|HC|  |TAMS 0x00000007e3c00000, 0x00000007e3b00000| Complete 
|  60|0x00000007e3c00000, 0x00000007e3d00000, 0x00000007e3d00000|100%|HS|  |TAMS 0x00000007e3d00000, 0x00000007e3c00000| Complete 
|  61|0x00000007e3d00000, 0x00000007e3e00000, 0x00000007e3e00000|100%|HC|  |TAMS 0x00000007e3e00000, 0x00000007e3d00000| Complete 
|  62|0x00000007e3e00000, 0x00000007e3f00000, 0x00000007e3f00000|100%|HC|  |TAMS 0x00000007e3f00000, 0x00000007e3e00000| Complete 
|  63|0x00000007e3f00000, 0x00000007e4000000, 0x00000007e4000000|100%|HS|  |TAMS 0x00000007e4000000, 0x00000007e3f00000| Complete 
|  64|0x00000007e4000000, 0x00000007e4100000, 0x00000007e4100000|100%|HC|  |TAMS 0x00000007e4100000, 0x00000007e4000000| Complete 
|  65|0x00000007e4100000, 0x00000007e4200000, 0x00000007e4200000|100%|HC|  |TAMS 0x00000007e4200000, 0x00000007e4100000| Complete 
|  66|0x00000007e4200000, 0x00000007e4300000, 0x00000007e4300000|100%| O|  |TAMS 0x00000007e4300000, 0x00000007e4200000| Untracked 
|  67|0x00000007e4300000, 0x00000007e4400000, 0x00000007e4400000|100%| O|  |TAMS 0x00000007e4400000, 0x00000007e4300000| Untracked 
|  68|0x00000007e4400000, 0x00000007e4500000, 0x00000007e4500000|100%| O|  |TAMS 0x00000007e4500000, 0x00000007e4400000| Untracked 
|  69|0x00000007e4500000, 0x00000007e4600000, 0x00000007e4600000|100%| O|  |TAMS 0x00000007e4600000, 0x00000007e4500000| Untracked 
|  70|0x00000007e4600000, 0x00000007e4700000, 0x00000007e4700000|100%| O|  |TAMS 0x00000007e4700000, 0x00000007e4600000| Untracked 
|  71|0x00000007e4700000, 0x00000007e4800000, 0x00000007e4800000|100%| O|  |TAMS 0x00000007e4800000, 0x00000007e4700000| Untracked 
|  72|0x00000007e4800000, 0x00000007e4900000, 0x00000007e4900000|100%| O|  |TAMS 0x00000007e4900000, 0x00000007e4800000| Untracked 
|  73|0x00000007e4900000, 0x00000007e4a00000, 0x00000007e4a00000|100%| O|  |TAMS 0x00000007e49c1400, 0x00000007e4900000| Untracked 
|  74|0x00000007e4a00000, 0x00000007e4b00000, 0x00000007e4b00000|100%| O|  |TAMS 0x00000007e4a00000, 0x00000007e4a00000| Untracked 
|  75|0x00000007e4b00000, 0x00000007e4c00000, 0x00000007e4c00000|100%| O|  |TAMS 0x00000007e4b00000, 0x00000007e4b00000| Untracked 
|  76|0x00000007e4c00000, 0x00000007e4d00000, 0x00000007e4d00000|100%| O|  |TAMS 0x00000007e4c00000, 0x00000007e4c00000| Untracked 
|  77|0x00000007e4d00000, 0x00000007e4e00000, 0x00000007e4e00000|100%| O|  |TAMS 0x00000007e4d00000, 0x00000007e4d00000| Untracked 
|  78|0x00000007e4e00000, 0x00000007e4f00000, 0x00000007e4f00000|100%| O|  |TAMS 0x00000007e4e00000, 0x00000007e4e00000| Untracked 
|  79|0x00000007e4f00000, 0x00000007e5000000, 0x00000007e5000000|100%| O|  |TAMS 0x00000007e4f00000, 0x00000007e4f00000| Untracked 
|  80|0x00000007e5000000, 0x00000007e5100000, 0x00000007e5100000|100%| O|  |TAMS 0x00000007e5000000, 0x00000007e5000000| Untracked 
|  81|0x00000007e5100000, 0x00000007e5200000, 0x00000007e5200000|100%| O|  |TAMS 0x00000007e5100000, 0x00000007e5100000| Untracked 
|  82|0x00000007e5200000, 0x00000007e5300000, 0x00000007e5300000|100%| O|  |TAMS 0x00000007e5200000, 0x00000007e5200000| Untracked 
|  83|0x00000007e5300000, 0x00000007e5400000, 0x00000007e5400000|100%| O|  |TAMS 0x00000007e5300000, 0x00000007e5300000| Untracked 
|  84|0x00000007e5400000, 0x00000007e5500000, 0x00000007e5500000|100%| O|  |TAMS 0x00000007e5400000, 0x00000007e5400000| Untracked 
|  85|0x00000007e5500000, 0x00000007e5600000, 0x00000007e5600000|100%| O|  |TAMS 0x00000007e5500000, 0x00000007e5500000| Untracked 
|  86|0x00000007e5600000, 0x00000007e5700000, 0x00000007e5700000|100%| O|  |TAMS 0x00000007e5600000, 0x00000007e5600000| Untracked 
|  87|0x00000007e5700000, 0x00000007e5800000, 0x00000007e5800000|100%| O|  |TAMS 0x00000007e5700000, 0x00000007e5700000| Untracked 
|  88|0x00000007e5800000, 0x00000007e5900000, 0x00000007e5900000|100%| O|  |TAMS 0x00000007e5800000, 0x00000007e5800000| Untracked 
|  89|0x00000007e5900000, 0x00000007e5a00000, 0x00000007e5a00000|100%| O|  |TAMS 0x00000007e5900000, 0x00000007e5900000| Untracked 
|  90|0x00000007e5a00000, 0x00000007e5b00000, 0x00000007e5b00000|100%| O|  |TAMS 0x00000007e5a00000, 0x00000007e5a00000| Untracked 
|  91|0x00000007e5b00000, 0x00000007e5c00000, 0x00000007e5c00000|100%| O|  |TAMS 0x00000007e5b00000, 0x00000007e5b00000| Untracked 
|  92|0x00000007e5c00000, 0x00000007e5d00000, 0x00000007e5d00000|100%| O|  |TAMS 0x00000007e5c00000, 0x00000007e5c00000| Untracked 
|  93|0x00000007e5d00000, 0x00000007e5e00000, 0x00000007e5e00000|100%| O|  |TAMS 0x00000007e5d00000, 0x00000007e5d00000| Untracked 
|  94|0x00000007e5e00000, 0x00000007e5f00000, 0x00000007e5f00000|100%| O|  |TAMS 0x00000007e5e00000, 0x00000007e5e00000| Untracked 
|  95|0x00000007e5f00000, 0x00000007e6000000, 0x00000007e6000000|100%| O|  |TAMS 0x00000007e5f00000, 0x00000007e5f00000| Untracked 
|  96|0x00000007e6000000, 0x00000007e6077600, 0x00000007e6100000| 46%| O|  |TAMS 0x00000007e6000000, 0x00000007e6000000| Untracked 
|  97|0x00000007e6100000, 0x00000007e6100000, 0x00000007e6200000|  0%| F|  |TAMS 0x00000007e6100000, 0x00000007e6100000| Untracked 
|  98|0x00000007e6200000, 0x00000007e6200000, 0x00000007e6300000|  0%| F|  |TAMS 0x00000007e6200000, 0x00000007e6200000| Untracked 
|  99|0x00000007e6300000, 0x00000007e6300000, 0x00000007e6400000|  0%| F|  |TAMS 0x00000007e6300000, 0x00000007e6300000| Untracked 
| 100|0x00000007e6400000, 0x00000007e6400000, 0x00000007e6500000|  0%| F|  |TAMS 0x00000007e6400000, 0x00000007e6400000| Untracked 
| 101|0x00000007e6500000, 0x00000007e6500000, 0x00000007e6600000|  0%| F|  |TAMS 0x00000007e6500000, 0x00000007e6500000| Untracked 
| 102|0x00000007e6600000, 0x00000007e6600000, 0x00000007e6700000|  0%| F|  |TAMS 0x00000007e6600000, 0x00000007e6600000| Untracked 
| 103|0x00000007e6700000, 0x00000007e6700000, 0x00000007e6800000|  0%| F|  |TAMS 0x00000007e6700000, 0x00000007e6700000| Untracked 
| 104|0x00000007e6800000, 0x00000007e6800000, 0x00000007e6900000|  0%| F|  |TAMS 0x00000007e6800000, 0x00000007e6800000| Untracked 
| 105|0x00000007e6900000, 0x00000007e6900000, 0x00000007e6a00000|  0%| F|  |TAMS 0x00000007e6900000, 0x00000007e6900000| Untracked 
| 106|0x00000007e6a00000, 0x00000007e6a00000, 0x00000007e6b00000|  0%| F|  |TAMS 0x00000007e6a00000, 0x00000007e6a00000| Untracked 
| 107|0x00000007e6b00000, 0x00000007e6b00000, 0x00000007e6c00000|  0%| F|  |TAMS 0x00000007e6b00000, 0x00000007e6b00000| Untracked 
| 108|0x00000007e6c00000, 0x00000007e6c00000, 0x00000007e6d00000|  0%| F|  |TAMS 0x00000007e6c00000, 0x00000007e6c00000| Untracked 
| 109|0x00000007e6d00000, 0x00000007e6d00000, 0x00000007e6e00000|  0%| F|  |TAMS 0x00000007e6d00000, 0x00000007e6d00000| Untracked 
| 110|0x00000007e6e00000, 0x00000007e6e00000, 0x00000007e6f00000|  0%| F|  |TAMS 0x00000007e6e00000, 0x00000007e6e00000| Untracked 
| 111|0x00000007e6f00000, 0x00000007e6f00000, 0x00000007e7000000|  0%| F|  |TAMS 0x00000007e6f00000, 0x00000007e6f00000| Untracked 
| 112|0x00000007e7000000, 0x00000007e7000000, 0x00000007e7100000|  0%| F|  |TAMS 0x00000007e7000000, 0x00000007e7000000| Untracked 
| 113|0x00000007e7100000, 0x00000007e7100000, 0x00000007e7200000|  0%| F|  |TAMS 0x00000007e7100000, 0x00000007e7100000| Untracked 
| 114|0x00000007e7200000, 0x00000007e7200000, 0x00000007e7300000|  0%| F|  |TAMS 0x00000007e7200000, 0x00000007e7200000| Untracked 
| 115|0x00000007e7300000, 0x00000007e7300000, 0x00000007e7400000|  0%| F|  |TAMS 0x00000007e7300000, 0x00000007e7300000| Untracked 
| 116|0x00000007e7400000, 0x00000007e7400000, 0x00000007e7500000|  0%| F|  |TAMS 0x00000007e7400000, 0x00000007e7400000| Untracked 
| 117|0x00000007e7500000, 0x00000007e7500000, 0x00000007e7600000|  0%| F|  |TAMS 0x00000007e7500000, 0x00000007e7500000| Untracked 
| 118|0x00000007e7600000, 0x00000007e7600000, 0x00000007e7700000|  0%| F|  |TAMS 0x00000007e7600000, 0x00000007e7600000| Untracked 
| 119|0x00000007e7700000, 0x00000007e7700000, 0x00000007e7800000|  0%| F|  |TAMS 0x00000007e7700000, 0x00000007e7700000| Untracked 
| 120|0x00000007e7800000, 0x00000007e7800000, 0x00000007e7900000|  0%| F|  |TAMS 0x00000007e7800000, 0x00000007e7800000| Untracked 
| 121|0x00000007e7900000, 0x00000007e7900000, 0x00000007e7a00000|  0%| F|  |TAMS 0x00000007e7900000, 0x00000007e7900000| Untracked 
| 122|0x00000007e7a00000, 0x00000007e7a00000, 0x00000007e7b00000|  0%| F|  |TAMS 0x00000007e7a00000, 0x00000007e7a00000| Untracked 
| 123|0x00000007e7b00000, 0x00000007e7b00000, 0x00000007e7c00000|  0%| F|  |TAMS 0x00000007e7b00000, 0x00000007e7b00000| Untracked 
| 124|0x00000007e7c00000, 0x00000007e7c00000, 0x00000007e7d00000|  0%| F|  |TAMS 0x00000007e7c00000, 0x00000007e7c00000| Untracked 
| 125|0x00000007e7d00000, 0x00000007e7d00000, 0x00000007e7e00000|  0%| F|  |TAMS 0x00000007e7d00000, 0x00000007e7d00000| Untracked 
| 126|0x00000007e7e00000, 0x00000007e7e00000, 0x00000007e7f00000|  0%| F|  |TAMS 0x00000007e7e00000, 0x00000007e7e00000| Untracked 
| 127|0x00000007e7f00000, 0x00000007e7f00000, 0x00000007e8000000|  0%| F|  |TAMS 0x00000007e7f00000, 0x00000007e7f00000| Untracked 
| 128|0x00000007e8000000, 0x00000007e8000000, 0x00000007e8100000|  0%| F|  |TAMS 0x00000007e8000000, 0x00000007e8000000| Untracked 
| 129|0x00000007e8100000, 0x00000007e8100000, 0x00000007e8200000|  0%| F|  |TAMS 0x00000007e8100000, 0x00000007e8100000| Untracked 
| 130|0x00000007e8200000, 0x00000007e8200000, 0x00000007e8300000|  0%| F|  |TAMS 0x00000007e8200000, 0x00000007e8200000| Untracked 
| 131|0x00000007e8300000, 0x00000007e8300000, 0x00000007e8400000|  0%| F|  |TAMS 0x00000007e8300000, 0x00000007e8300000| Untracked 
| 132|0x00000007e8400000, 0x00000007e8400000, 0x00000007e8500000|  0%| F|  |TAMS 0x00000007e8400000, 0x00000007e8400000| Untracked 
| 133|0x00000007e8500000, 0x00000007e8500000, 0x00000007e8600000|  0%| F|  |TAMS 0x00000007e8500000, 0x00000007e8500000| Untracked 
| 134|0x00000007e8600000, 0x00000007e8600000, 0x00000007e8700000|  0%| F|  |TAMS 0x00000007e8600000, 0x00000007e8600000| Untracked 
| 135|0x00000007e8700000, 0x00000007e87cc990, 0x00000007e8800000| 79%| S|CS|TAMS 0x00000007e8700000, 0x00000007e8700000| Complete 
| 136|0x00000007e8800000, 0x00000007e8900000, 0x00000007e8900000|100%| S|CS|TAMS 0x00000007e8800000, 0x00000007e8800000| Complete 
| 137|0x00000007e8900000, 0x00000007e8a00000, 0x00000007e8a00000|100%| S|CS|TAMS 0x00000007e8900000, 0x00000007e8900000| Complete 
| 138|0x00000007e8a00000, 0x00000007e8b00000, 0x00000007e8b00000|100%| S|CS|TAMS 0x00000007e8a00000, 0x00000007e8a00000| Complete 
| 139|0x00000007e8b00000, 0x00000007e8c00000, 0x00000007e8c00000|100%| S|CS|TAMS 0x00000007e8b00000, 0x00000007e8b00000| Complete 
| 140|0x00000007e8c00000, 0x00000007e8d00000, 0x00000007e8d00000|100%| S|CS|TAMS 0x00000007e8c00000, 0x00000007e8c00000| Complete 
| 141|0x00000007e8d00000, 0x00000007e8e00000, 0x00000007e8e00000|100%| S|CS|TAMS 0x00000007e8d00000, 0x00000007e8d00000| Complete 
| 142|0x00000007e8e00000, 0x00000007e8f00000, 0x00000007e8f00000|100%| S|CS|TAMS 0x00000007e8e00000, 0x00000007e8e00000| Complete 
| 143|0x00000007e8f00000, 0x00000007e9000000, 0x00000007e9000000|100%| S|CS|TAMS 0x00000007e8f00000, 0x00000007e8f00000| Complete 
| 144|0x00000007e9000000, 0x00000007e9100000, 0x00000007e9100000|100%| S|CS|TAMS 0x00000007e9000000, 0x00000007e9000000| Complete 
| 145|0x00000007e9100000, 0x00000007e9100000, 0x00000007e9200000|  0%| F|  |TAMS 0x00000007e9100000, 0x00000007e9100000| Untracked 
| 146|0x00000007e9200000, 0x00000007e9200000, 0x00000007e9300000|  0%| F|  |TAMS 0x00000007e9200000, 0x00000007e9200000| Untracked 
| 147|0x00000007e9300000, 0x00000007e9300000, 0x00000007e9400000|  0%| F|  |TAMS 0x00000007e9300000, 0x00000007e9300000| Untracked 
| 148|0x00000007e9400000, 0x00000007e9400000, 0x00000007e9500000|  0%| F|  |TAMS 0x00000007e9400000, 0x00000007e9400000| Untracked 
| 149|0x00000007e9500000, 0x00000007e9500000, 0x00000007e9600000|  0%| F|  |TAMS 0x00000007e9500000, 0x00000007e9500000| Untracked 
| 150|0x00000007e9600000, 0x00000007e9700000, 0x00000007e9700000|100%| S|CS|TAMS 0x00000007e9600000, 0x00000007e9600000| Complete 
| 151|0x00000007e9700000, 0x00000007e9800000, 0x00000007e9800000|100%| S|CS|TAMS 0x00000007e9700000, 0x00000007e9700000| Complete 
| 152|0x00000007e9800000, 0x00000007e9800000, 0x00000007e9900000|  0%| F|  |TAMS 0x00000007e9800000, 0x00000007e9800000| Untracked 
| 153|0x00000007e9900000, 0x00000007e9900000, 0x00000007e9a00000|  0%| F|  |TAMS 0x00000007e9900000, 0x00000007e9900000| Untracked 
| 154|0x00000007e9a00000, 0x00000007e9a00000, 0x00000007e9b00000|  0%| F|  |TAMS 0x00000007e9a00000, 0x00000007e9a00000| Untracked 
| 155|0x00000007e9b00000, 0x00000007e9b00000, 0x00000007e9c00000|  0%| F|  |TAMS 0x00000007e9b00000, 0x00000007e9b00000| Untracked 
| 156|0x00000007e9c00000, 0x00000007e9c00000, 0x00000007e9d00000|  0%| F|  |TAMS 0x00000007e9c00000, 0x00000007e9c00000| Untracked 
| 157|0x00000007e9d00000, 0x00000007e9d00000, 0x00000007e9e00000|  0%| F|  |TAMS 0x00000007e9d00000, 0x00000007e9d00000| Untracked 
| 158|0x00000007e9e00000, 0x00000007e9e00000, 0x00000007e9f00000|  0%| F|  |TAMS 0x00000007e9e00000, 0x00000007e9e00000| Untracked 
| 159|0x00000007e9f00000, 0x00000007e9f00000, 0x00000007ea000000|  0%| F|  |TAMS 0x00000007e9f00000, 0x00000007e9f00000| Untracked 
| 160|0x00000007ea000000, 0x00000007ea000000, 0x00000007ea100000|  0%| F|  |TAMS 0x00000007ea000000, 0x00000007ea000000| Untracked 
| 161|0x00000007ea100000, 0x00000007ea100000, 0x00000007ea200000|  0%| F|  |TAMS 0x00000007ea100000, 0x00000007ea100000| Untracked 
| 162|0x00000007ea200000, 0x00000007ea200000, 0x00000007ea300000|  0%| F|  |TAMS 0x00000007ea200000, 0x00000007ea200000| Untracked 
| 163|0x00000007ea300000, 0x00000007ea300000, 0x00000007ea400000|  0%| F|  |TAMS 0x00000007ea300000, 0x00000007ea300000| Untracked 
| 164|0x00000007ea400000, 0x00000007ea400000, 0x00000007ea500000|  0%| F|  |TAMS 0x00000007ea400000, 0x00000007ea400000| Untracked 
| 165|0x00000007ea500000, 0x00000007ea500000, 0x00000007ea600000|  0%| F|  |TAMS 0x00000007ea500000, 0x00000007ea500000| Untracked 
| 166|0x00000007ea600000, 0x00000007ea600000, 0x00000007ea700000|  0%| F|  |TAMS 0x00000007ea600000, 0x00000007ea600000| Untracked 
| 167|0x00000007ea700000, 0x00000007ea700000, 0x00000007ea800000|  0%| F|  |TAMS 0x00000007ea700000, 0x00000007ea700000| Untracked 
| 168|0x00000007ea800000, 0x00000007ea800000, 0x00000007ea900000|  0%| F|  |TAMS 0x00000007ea800000, 0x00000007ea800000| Untracked 
| 169|0x00000007ea900000, 0x00000007ea900000, 0x00000007eaa00000|  0%| F|  |TAMS 0x00000007ea900000, 0x00000007ea900000| Untracked 
| 170|0x00000007eaa00000, 0x00000007eaa00000, 0x00000007eab00000|  0%| F|  |TAMS 0x00000007eaa00000, 0x00000007eaa00000| Untracked 
| 171|0x00000007eab00000, 0x00000007eab00000, 0x00000007eac00000|  0%| F|  |TAMS 0x00000007eab00000, 0x00000007eab00000| Untracked 
| 172|0x00000007eac00000, 0x00000007eac00000, 0x00000007ead00000|  0%| F|  |TAMS 0x00000007eac00000, 0x00000007eac00000| Untracked 
| 173|0x00000007ead00000, 0x00000007ead00000, 0x00000007eae00000|  0%| F|  |TAMS 0x00000007ead00000, 0x00000007ead00000| Untracked 
| 174|0x00000007eae00000, 0x00000007eae00000, 0x00000007eaf00000|  0%| F|  |TAMS 0x00000007eae00000, 0x00000007eae00000| Untracked 
| 175|0x00000007eaf00000, 0x00000007eaf00000, 0x00000007eb000000|  0%| F|  |TAMS 0x00000007eaf00000, 0x00000007eaf00000| Untracked 
| 176|0x00000007eb000000, 0x00000007eb000000, 0x00000007eb100000|  0%| F|  |TAMS 0x00000007eb000000, 0x00000007eb000000| Untracked 
| 177|0x00000007eb100000, 0x00000007eb100000, 0x00000007eb200000|  0%| F|  |TAMS 0x00000007eb100000, 0x00000007eb100000| Untracked 
| 178|0x00000007eb200000, 0x00000007eb200000, 0x00000007eb300000|  0%| F|  |TAMS 0x00000007eb200000, 0x00000007eb200000| Untracked 
| 179|0x00000007eb300000, 0x00000007eb300000, 0x00000007eb400000|  0%| F|  |TAMS 0x00000007eb300000, 0x00000007eb300000| Untracked 
| 180|0x00000007eb400000, 0x00000007eb400000, 0x00000007eb500000|  0%| F|  |TAMS 0x00000007eb400000, 0x00000007eb400000| Untracked 
| 181|0x00000007eb500000, 0x00000007eb500000, 0x00000007eb600000|  0%| F|  |TAMS 0x00000007eb500000, 0x00000007eb500000| Untracked 
| 182|0x00000007eb600000, 0x00000007eb600000, 0x00000007eb700000|  0%| F|  |TAMS 0x00000007eb600000, 0x00000007eb600000| Untracked 
| 183|0x00000007eb700000, 0x00000007eb700000, 0x00000007eb800000|  0%| F|  |TAMS 0x00000007eb700000, 0x00000007eb700000| Untracked 
| 184|0x00000007eb800000, 0x00000007eb800000, 0x00000007eb900000|  0%| F|  |TAMS 0x00000007eb800000, 0x00000007eb800000| Untracked 
| 185|0x00000007eb900000, 0x00000007eb900000, 0x00000007eba00000|  0%| F|  |TAMS 0x00000007eb900000, 0x00000007eb900000| Untracked 
| 186|0x00000007eba00000, 0x00000007eba00000, 0x00000007ebb00000|  0%| F|  |TAMS 0x00000007eba00000, 0x00000007eba00000| Untracked 
| 187|0x00000007ebb00000, 0x00000007ebb00000, 0x00000007ebc00000|  0%| F|  |TAMS 0x00000007ebb00000, 0x00000007ebb00000| Untracked 
| 188|0x00000007ebc00000, 0x00000007ebc00000, 0x00000007ebd00000|  0%| F|  |TAMS 0x00000007ebc00000, 0x00000007ebc00000| Untracked 
| 189|0x00000007ebd00000, 0x00000007ebd00000, 0x00000007ebe00000|  0%| F|  |TAMS 0x00000007ebd00000, 0x00000007ebd00000| Untracked 
| 190|0x00000007ebe00000, 0x00000007ebe00000, 0x00000007ebf00000|  0%| F|  |TAMS 0x00000007ebe00000, 0x00000007ebe00000| Untracked 
| 191|0x00000007ebf00000, 0x00000007ebf00000, 0x00000007ec000000|  0%| F|  |TAMS 0x00000007ebf00000, 0x00000007ebf00000| Untracked 
| 192|0x00000007ec000000, 0x00000007ec000000, 0x00000007ec100000|  0%| F|  |TAMS 0x00000007ec000000, 0x00000007ec000000| Untracked 
| 193|0x00000007ec100000, 0x00000007ec100000, 0x00000007ec200000|  0%| F|  |TAMS 0x00000007ec100000, 0x00000007ec100000| Untracked 
| 194|0x00000007ec200000, 0x00000007ec200000, 0x00000007ec300000|  0%| F|  |TAMS 0x00000007ec200000, 0x00000007ec200000| Untracked 
| 195|0x00000007ec300000, 0x00000007ec300000, 0x00000007ec400000|  0%| F|  |TAMS 0x00000007ec300000, 0x00000007ec300000| Untracked 
| 196|0x00000007ec400000, 0x00000007ec400000, 0x00000007ec500000|  0%| F|  |TAMS 0x00000007ec400000, 0x00000007ec400000| Untracked 
| 197|0x00000007ec500000, 0x00000007ec500000, 0x00000007ec600000|  0%| F|  |TAMS 0x00000007ec500000, 0x00000007ec500000| Untracked 
| 198|0x00000007ec600000, 0x00000007ec600000, 0x00000007ec700000|  0%| F|  |TAMS 0x00000007ec600000, 0x00000007ec600000| Untracked 
| 199|0x00000007ec700000, 0x00000007ec700000, 0x00000007ec800000|  0%| F|  |TAMS 0x00000007ec700000, 0x00000007ec700000| Untracked 
| 200|0x00000007ec800000, 0x00000007ec800000, 0x00000007ec900000|  0%| F|  |TAMS 0x00000007ec800000, 0x00000007ec800000| Untracked 
| 201|0x00000007ec900000, 0x00000007ec900000, 0x00000007eca00000|  0%| F|  |TAMS 0x00000007ec900000, 0x00000007ec900000| Untracked 
| 202|0x00000007eca00000, 0x00000007eca00000, 0x00000007ecb00000|  0%| F|  |TAMS 0x00000007eca00000, 0x00000007eca00000| Untracked 
| 203|0x00000007ecb00000, 0x00000007ecb00000, 0x00000007ecc00000|  0%| F|  |TAMS 0x00000007ecb00000, 0x00000007ecb00000| Untracked 
| 204|0x00000007ecc00000, 0x00000007ecc00000, 0x00000007ecd00000|  0%| F|  |TAMS 0x00000007ecc00000, 0x00000007ecc00000| Untracked 
| 205|0x00000007ecd00000, 0x00000007ecd00000, 0x00000007ece00000|  0%| F|  |TAMS 0x00000007ecd00000, 0x00000007ecd00000| Untracked 
| 206|0x00000007ece00000, 0x00000007ece00000, 0x00000007ecf00000|  0%| F|  |TAMS 0x00000007ece00000, 0x00000007ece00000| Untracked 
| 207|0x00000007ecf00000, 0x00000007ecf00000, 0x00000007ed000000|  0%| F|  |TAMS 0x00000007ecf00000, 0x00000007ecf00000| Untracked 
| 208|0x00000007ed000000, 0x00000007ed000000, 0x00000007ed100000|  0%| F|  |TAMS 0x00000007ed000000, 0x00000007ed000000| Untracked 
| 209|0x00000007ed100000, 0x00000007ed100000, 0x00000007ed200000|  0%| F|  |TAMS 0x00000007ed100000, 0x00000007ed100000| Untracked 
| 210|0x00000007ed200000, 0x00000007ed200000, 0x00000007ed300000|  0%| F|  |TAMS 0x00000007ed200000, 0x00000007ed200000| Untracked 
| 211|0x00000007ed300000, 0x00000007ed300000, 0x00000007ed400000|  0%| F|  |TAMS 0x00000007ed300000, 0x00000007ed300000| Untracked 
| 212|0x00000007ed400000, 0x00000007ed400000, 0x00000007ed500000|  0%| F|  |TAMS 0x00000007ed400000, 0x00000007ed400000| Untracked 
| 213|0x00000007ed500000, 0x00000007ed500000, 0x00000007ed600000|  0%| F|  |TAMS 0x00000007ed500000, 0x00000007ed500000| Untracked 
| 214|0x00000007ed600000, 0x00000007ed600000, 0x00000007ed700000|  0%| F|  |TAMS 0x00000007ed600000, 0x00000007ed600000| Untracked 
| 215|0x00000007ed700000, 0x00000007ed700000, 0x00000007ed800000|  0%| F|  |TAMS 0x00000007ed700000, 0x00000007ed700000| Untracked 
| 216|0x00000007ed800000, 0x00000007ed800000, 0x00000007ed900000|  0%| F|  |TAMS 0x00000007ed800000, 0x00000007ed800000| Untracked 
| 217|0x00000007ed900000, 0x00000007ed900000, 0x00000007eda00000|  0%| F|  |TAMS 0x00000007ed900000, 0x00000007ed900000| Untracked 
| 218|0x00000007eda00000, 0x00000007eda00000, 0x00000007edb00000|  0%| F|  |TAMS 0x00000007eda00000, 0x00000007eda00000| Untracked 
| 219|0x00000007edb00000, 0x00000007edb00000, 0x00000007edc00000|  0%| F|  |TAMS 0x00000007edb00000, 0x00000007edb00000| Untracked 
| 220|0x00000007edc00000, 0x00000007edc00000, 0x00000007edd00000|  0%| F|  |TAMS 0x00000007edc00000, 0x00000007edc00000| Untracked 
| 221|0x00000007edd00000, 0x00000007edd00000, 0x00000007ede00000|  0%| F|  |TAMS 0x00000007edd00000, 0x00000007edd00000| Untracked 
| 222|0x00000007ede00000, 0x00000007ede00000, 0x00000007edf00000|  0%| F|  |TAMS 0x00000007ede00000, 0x00000007ede00000| Untracked 
| 223|0x00000007edf00000, 0x00000007edf00000, 0x00000007ee000000|  0%| F|  |TAMS 0x00000007edf00000, 0x00000007edf00000| Untracked 
| 224|0x00000007ee000000, 0x00000007ee000000, 0x00000007ee100000|  0%| F|  |TAMS 0x00000007ee000000, 0x00000007ee000000| Untracked 
| 225|0x00000007ee100000, 0x00000007ee100000, 0x00000007ee200000|  0%| F|  |TAMS 0x00000007ee100000, 0x00000007ee100000| Untracked 
| 226|0x00000007ee200000, 0x00000007ee200000, 0x00000007ee300000|  0%| F|  |TAMS 0x00000007ee200000, 0x00000007ee200000| Untracked 
| 227|0x00000007ee300000, 0x00000007ee300000, 0x00000007ee400000|  0%| F|  |TAMS 0x00000007ee300000, 0x00000007ee300000| Untracked 
| 228|0x00000007ee400000, 0x00000007ee400000, 0x00000007ee500000|  0%| F|  |TAMS 0x00000007ee400000, 0x00000007ee400000| Untracked 
| 229|0x00000007ee500000, 0x00000007ee500000, 0x00000007ee600000|  0%| F|  |TAMS 0x00000007ee500000, 0x00000007ee500000| Untracked 
| 230|0x00000007ee600000, 0x00000007ee600000, 0x00000007ee700000|  0%| F|  |TAMS 0x00000007ee600000, 0x00000007ee600000| Untracked 
| 231|0x00000007ee700000, 0x00000007ee700000, 0x00000007ee800000|  0%| F|  |TAMS 0x00000007ee700000, 0x00000007ee700000| Untracked 
| 232|0x00000007ee800000, 0x00000007ee800000, 0x00000007ee900000|  0%| F|  |TAMS 0x00000007ee800000, 0x00000007ee800000| Untracked 
| 233|0x00000007ee900000, 0x00000007ee900000, 0x00000007eea00000|  0%| F|  |TAMS 0x00000007ee900000, 0x00000007ee900000| Untracked 
| 234|0x00000007eea00000, 0x00000007eea00000, 0x00000007eeb00000|  0%| F|  |TAMS 0x00000007eea00000, 0x00000007eea00000| Untracked 
| 235|0x00000007eeb00000, 0x00000007eeb00000, 0x00000007eec00000|  0%| F|  |TAMS 0x00000007eeb00000, 0x00000007eeb00000| Untracked 
| 236|0x00000007eec00000, 0x00000007eec00000, 0x00000007eed00000|  0%| F|  |TAMS 0x00000007eec00000, 0x00000007eec00000| Untracked 
| 237|0x00000007eed00000, 0x00000007eed8ce50, 0x00000007eee00000| 55%| E|  |TAMS 0x00000007eed00000, 0x00000007eed00000| Complete 
| 238|0x00000007eee00000, 0x00000007eef00000, 0x00000007eef00000|100%| E|CS|TAMS 0x00000007eee00000, 0x00000007eee00000| Complete 
| 239|0x00000007eef00000, 0x00000007ef000000, 0x00000007ef000000|100%| E|CS|TAMS 0x00000007eef00000, 0x00000007eef00000| Complete 
| 240|0x00000007ef000000, 0x00000007ef100000, 0x00000007ef100000|100%| E|CS|TAMS 0x00000007ef000000, 0x00000007ef000000| Complete 
| 241|0x00000007ef100000, 0x00000007ef200000, 0x00000007ef200000|100%| E|CS|TAMS 0x00000007ef100000, 0x00000007ef100000| Complete 
| 242|0x00000007ef200000, 0x00000007ef300000, 0x00000007ef300000|100%| E|CS|TAMS 0x00000007ef200000, 0x00000007ef200000| Complete 
| 243|0x00000007ef300000, 0x00000007ef400000, 0x00000007ef400000|100%| E|CS|TAMS 0x00000007ef300000, 0x00000007ef300000| Complete 
| 244|0x00000007ef400000, 0x00000007ef500000, 0x00000007ef500000|100%| E|CS|TAMS 0x00000007ef400000, 0x00000007ef400000| Complete 
| 245|0x00000007ef500000, 0x00000007ef600000, 0x00000007ef600000|100%| E|CS|TAMS 0x00000007ef500000, 0x00000007ef500000| Complete 
| 246|0x00000007ef600000, 0x00000007ef700000, 0x00000007ef700000|100%| E|CS|TAMS 0x00000007ef600000, 0x00000007ef600000| Complete 
| 247|0x00000007ef700000, 0x00000007ef800000, 0x00000007ef800000|100%| E|CS|TAMS 0x00000007ef700000, 0x00000007ef700000| Complete 
| 248|0x00000007ef800000, 0x00000007ef900000, 0x00000007ef900000|100%| E|CS|TAMS 0x00000007ef800000, 0x00000007ef800000| Complete 
| 249|0x00000007ef900000, 0x00000007efa00000, 0x00000007efa00000|100%| E|CS|TAMS 0x00000007ef900000, 0x00000007ef900000| Complete 
| 250|0x00000007efa00000, 0x00000007efb00000, 0x00000007efb00000|100%| E|CS|TAMS 0x00000007efa00000, 0x00000007efa00000| Complete 
| 251|0x00000007efb00000, 0x00000007efc00000, 0x00000007efc00000|100%| E|CS|TAMS 0x00000007efb00000, 0x00000007efb00000| Complete 
| 252|0x00000007efc00000, 0x00000007efd00000, 0x00000007efd00000|100%| E|CS|TAMS 0x00000007efc00000, 0x00000007efc00000| Complete 
| 255|0x00000007eff00000, 0x00000007f0000000, 0x00000007f0000000|100%| E|CS|TAMS 0x00000007eff00000, 0x00000007eff00000| Complete 
| 510|0x00000007ffe00000, 0x00000007ffe76000, 0x00000007fff00000| 46%|OA|  |TAMS 0x00000007ffe76000, 0x00000007ffe00000| Untracked 
| 511|0x00000007fff00000, 0x00000007fff80000, 0x0000000800000000| 50%|CA|  |TAMS 0x00000007fff80000, 0x00000007fff00000| Untracked 

Card table byte_map: [0x0000000112a67000,0x0000000112b67000] _byte_map_base: 0x000000010eb67000

Marking Bits (Prev, Next): (CMBitMap*) 0x00007fbc8681d650, (CMBitMap*) 0x00007fbc8681d610
 Prev Bits: [0x0000000129e1e000, 0x000000012a61e000)
 Next Bits: [0x000000012961e000, 0x0000000129e1e000)

Polling page: 0x000000010d60a000

Metaspace:

Usage:
  Non-class:     60.08 MB used.
      Class:     10.06 MB used.
       Both:     70.14 MB used.

Virtual space:
  Non-class space:       64.00 MB reserved,      60.56 MB ( 95%) committed,  1 nodes.
      Class space:      320.00 MB reserved,      10.44 MB (  3%) committed,  1 nodes.
             Both:      384.00 MB reserved,      71.00 MB ( 18%) committed. 

Chunk freelists:
   Non-Class:  3.41 MB
       Class:  5.44 MB
        Both:  8.85 MB

MaxMetaspaceSize: 384.00 MB
CompressedClassSpaceSize: 320.00 MB
Initial GC threshold: 21.00 MB
Current GC threshold: 98.25 MB
CDS: on
MetaspaceReclaimPolicy: balanced
 - commit_granule_bytes: 65536.
 - commit_granule_words: 8192.
 - virtual_space_node_default_size: 8388608.
 - enlarge_chunks_in_place: 1.
 - new_chunks_are_fully_committed: 0.
 - uncommit_free_chunks: 1.
 - use_allocation_guard: 0.
 - handle_deallocations: 1.


Internal statistics:

num_allocs_failed_limit: 9.
num_arena_births: 1100.
num_arena_deaths: 0.
num_vsnodes_births: 2.
num_vsnodes_deaths: 0.
num_space_committed: 1136.
num_space_uncommitted: 0.
num_chunks_returned_to_freelist: 9.
num_chunks_taken_from_freelist: 4398.
num_chunk_merges: 9.
num_chunk_splits: 2698.
num_chunks_enlarged: 1582.
num_inconsistent_stats: 0.

CodeHeap 'non-profiled nmethods': size=120028Kb used=4047Kb max_used=4047Kb free=115981Kb
 bounds [0x0000000121fe7000, 0x00000001223e7000, 0x000000012951e000]
CodeHeap 'profiled nmethods': size=120028Kb used=19420Kb max_used=19420Kb free=100607Kb
 bounds [0x000000011a51e000, 0x000000011b81e000, 0x0000000121a55000]
CodeHeap 'non-nmethods': size=5704Kb used=2342Kb max_used=2391Kb free=3361Kb
 bounds [0x0000000121a55000, 0x0000000121cc5000, 0x0000000121fe7000]
 total_blobs=12059 nmethods=11190 adapters=782
 compilation: enabled
              stopped_count=0, restarted_count=0
 full_count=0

Compilation events (20 events):
Event: 45.589 Thread 0x00007fbc86829000 12228       2       sun.security.provider.DigestBase::engineUpdate (32 bytes)
Event: 45.589 Thread 0x00007fbc86829000 nmethod 12228 0x000000011b808810 code [0x000000011b8089c0, 0x000000011b808c40]
Event: 45.589 Thread 0x00007fbc86829000 12231       3       org.gradle.cache.internal.btree.KeyHasher$MessageDigestStream::write (11 bytes)
Event: 45.589 Thread 0x00007fbc86829000 nmethod 12231 0x000000011b808d90 code [0x000000011b808f40, 0x000000011b809100]
Event: 45.589 Thread 0x00007fbc86829000 12226       2       org.gradle.api.internal.changedetection.state.LineEndingNormalizingInputStreamHasher::isControlCharacter (20 bytes)
Event: 45.589 Thread 0x00007fbc86829000 nmethod 12226 0x000000011b809210 code [0x000000011b8093c0, 0x000000011b809550]
Event: 45.589 Thread 0x00007fbc86829000 12229       2       org.gradle.api.internal.changedetection.state.LineEndingNormalizingInputStreamHasher::isInControlRange (16 bytes)
Event: 45.589 Thread 0x00007fbc86829000 nmethod 12229 0x000000011b809610 code [0x000000011b8097a0, 0x000000011b8098b0]
Event: 45.590 Thread 0x00007fbc86829000 12225       2       java.security.MessageDigest::update (11 bytes)
Event: 45.590 Thread 0x00007fbc86829000 nmethod 12225 0x000000011b809990 code [0x000000011b809b40, 0x000000011b809c80]
Event: 45.590 Thread 0x00007fbc86829000 12227       2       java.security.MessageDigest$Delegate::engineUpdate (9 bytes)
Event: 45.590 Thread 0x00007fbc86829000 nmethod 12227 0x000000011b809d90 code [0x000000011b809f40, 0x000000011b80a060]
Event: 45.590 Thread 0x00007fbc86829000 12232       3       org.gradle.cache.internal.btree.KeyHasher$MessageDigestStream::getChecksum (41 bytes)
Event: 45.590 Thread 0x00007fbc86829000 nmethod 12232 0x000000011b80a110 code [0x000000011b80a300, 0x000000011b80a800]
Event: 45.590 Thread 0x00007fbc86829000 12233       3       sun.security.provider.DigestBase::engineUpdate (32 bytes)
Event: 45.591 Thread 0x00007fbc86829000 nmethod 12233 0x000000011b80aa10 code [0x000000011b80abc0, 0x000000011b80ae80]
Event: 45.591 Thread 0x00007fbc86829000 12234       3       org.gradle.internal.hash.Hashing$MessageDigestHasher::putByte (9 bytes)
Event: 45.591 Thread 0x00007fbc86829000 nmethod 12234 0x000000011b80af90 code [0x000000011b80b180, 0x000000011b80b6b0]
Event: 45.591 Thread 0x00007fbc86829000 12235       3       org.gradle.api.internal.changedetection.state.LineEndingNormalizingInputStreamHasher::isControlCharacter (20 bytes)
Event: 45.591 Thread 0x00007fbc86829000 nmethod 12235 0x000000011b80b890 code [0x000000011b80ba60, 0x000000011b80bed0]

GC Heap History (20 events):
Event: 0.481 GC heap before
{Heap before GC invocations=0 (full 0):
 garbage-first heap   total 264192K, used 27608K [0x00000007e0000000, 0x0000000800000000)
  region size 1024K, 23 young (23552K), 0 survivors (0K)
 Metaspace       used 2404K, committed 2560K, reserved 393216K
  class space    used 282K, committed 384K, reserved 327680K
}
Event: 0.485 GC heap after
{Heap after GC invocations=1 (full 0):
 garbage-first heap   total 264192K, used 11440K [0x00000007e0000000, 0x0000000800000000)
  region size 1024K, 3 young (3072K), 3 survivors (3072K)
 Metaspace       used 2404K, committed 2560K, reserved 393216K
  class space    used 282K, committed 384K, reserved 327680K
}
Event: 0.828 GC heap before
{Heap before GC invocations=1 (full 0):
 garbage-first heap   total 264192K, used 48304K [0x00000007e0000000, 0x0000000800000000)
  region size 1024K, 37 young (37888K), 3 survivors (3072K)
 Metaspace       used 4088K, committed 4288K, reserved 393216K
  class space    used 512K, committed 640K, reserved 327680K
}
Event: 0.833 GC heap after
{Heap after GC invocations=2 (full 0):
 garbage-first heap   total 264192K, used 17630K [0x00000007e0000000, 0x0000000800000000)
  region size 1024K, 5 young (5120K), 5 survivors (5120K)
 Metaspace       used 4088K, committed 4288K, reserved 393216K
  class space    used 512K, committed 640K, reserved 327680K
}
Event: 3.028 GC heap before
{Heap before GC invocations=2 (full 0):
 garbage-first heap   total 264192K, used 125150K [0x00000007e0000000, 0x0000000800000000)
  region size 1024K, 111 young (113664K), 5 survivors (5120K)
 Metaspace       used 21223K, committed 21504K, reserved 393216K
  class space    used 3202K, committed 3328K, reserved 327680K
}
Event: 3.038 GC heap after
{Heap after GC invocations=3 (full 0):
 garbage-first heap   total 264192K, used 24060K [0x00000007e0000000, 0x0000000800000000)
  region size 1024K, 11 young (11264K), 11 survivors (11264K)
 Metaspace       used 21223K, committed 21504K, reserved 393216K
  class space    used 3202K, committed 3328K, reserved 327680K
}
Event: 5.503 GC heap before
{Heap before GC invocations=4 (full 0):
 garbage-first heap   total 262144K, used 160252K [0x00000007e0000000, 0x0000000800000000)
  region size 1024K, 130 young (133120K), 11 survivors (11264K)
 Metaspace       used 35576K, committed 35968K, reserved 393216K
  class space    used 5041K, committed 5248K, reserved 327680K
}
Event: 5.522 GC heap after
{Heap after GC invocations=5 (full 0):
 garbage-first heap   total 262144K, used 46571K [0x00000007e0000000, 0x0000000800000000)
  region size 1024K, 18 young (18432K), 18 survivors (18432K)
 Metaspace       used 35576K, committed 35968K, reserved 393216K
  class space    used 5041K, committed 5248K, reserved 327680K
}
Event: 7.531 GC heap before
{Heap before GC invocations=6 (full 0):
 garbage-first heap   total 262144K, used 194027K [0x00000007e0000000, 0x0000000800000000)
  region size 1024K, 152 young (155648K), 18 survivors (18432K)
 Metaspace       used 47803K, committed 48384K, reserved 393216K
  class space    used 6973K, committed 7232K, reserved 327680K
}
Event: 7.555 GC heap after
{Heap after GC invocations=7 (full 0):
 garbage-first heap   total 262144K, used 64783K [0x00000007e0000000, 0x0000000800000000)
  region size 1024K, 11 young (11264K), 11 survivors (11264K)
 Metaspace       used 47803K, committed 48384K, reserved 393216K
  class space    used 6973K, committed 7232K, reserved 327680K
}
Event: 9.372 GC heap before
{Heap before GC invocations=7 (full 0):
 garbage-first heap   total 262144K, used 204047K [0x00000007e0000000, 0x0000000800000000)
  region size 1024K, 137 young (140288K), 11 survivors (11264K)
 Metaspace       used 58164K, committed 58816K, reserved 393216K
  class space    used 8471K, committed 8768K, reserved 327680K
}
Event: 9.385 GC heap after
{Heap after GC invocations=8 (full 0):
 garbage-first heap   total 262144K, used 87751K [0x00000007e0000000, 0x0000000800000000)
  region size 1024K, 12 young (12288K), 12 survivors (12288K)
 Metaspace       used 58164K, committed 58816K, reserved 393216K
  class space    used 8471K, committed 8768K, reserved 327680K
}
Event: 9.596 GC heap before
{Heap before GC invocations=8 (full 0):
 garbage-first heap   total 262144K, used 104135K [0x00000007e0000000, 0x0000000800000000)
  region size 1024K, 29 young (29696K), 12 survivors (12288K)
 Metaspace       used 59432K, committed 60096K, reserved 393216K
  class space    used 8693K, committed 9024K, reserved 327680K
}
Event: 9.605 GC heap after
{Heap after GC invocations=9 (full 0):
 garbage-first heap   total 262144K, used 89398K [0x00000007e0000000, 0x0000000800000000)
  region size 1024K, 2 young (2048K), 2 survivors (2048K)
 Metaspace       used 59432K, committed 60096K, reserved 393216K
  class space    used 8693K, committed 9024K, reserved 327680K
}
Event: 10.468 GC heap before
{Heap before GC invocations=10 (full 0):
 garbage-first heap   total 262144K, used 206134K [0x00000007e0000000, 0x0000000800000000)
  region size 1024K, 116 young (118784K), 2 survivors (2048K)
 Metaspace       used 62902K, committed 63680K, reserved 393216K
  class space    used 9280K, committed 9600K, reserved 327680K
}
Event: 10.474 GC heap after
{Heap after GC invocations=11 (full 0):
 garbage-first heap   total 262144K, used 99528K [0x00000007e0000000, 0x0000000800000000)
  region size 1024K, 12 young (12288K), 12 survivors (12288K)
 Metaspace       used 62902K, committed 63680K, reserved 393216K
  class space    used 9280K, committed 9600K, reserved 327680K
}
Event: 11.793 GC heap before
{Heap before GC invocations=11 (full 0):
 garbage-first heap   total 262144K, used 206024K [0x00000007e0000000, 0x0000000800000000)
  region size 1024K, 116 young (118784K), 12 survivors (12288K)
 Metaspace       used 65310K, committed 66048K, reserved 393216K
  class space    used 9438K, committed 9792K, reserved 327680K
}
Event: 11.804 GC heap after
{Heap after GC invocations=12 (full 0):
 garbage-first heap   total 262144K, used 104631K [0x00000007e0000000, 0x0000000800000000)
  region size 1024K, 5 young (5120K), 5 survivors (5120K)
 Metaspace       used 65310K, committed 66048K, reserved 393216K
  class space    used 9438K, committed 9792K, reserved 327680K
}
Event: 45.339 GC heap before
{Heap before GC invocations=12 (full 0):
 garbage-first heap   total 262144K, used 208055K [0x00000007e0000000, 0x0000000800000000)
  region size 1024K, 107 young (109568K), 5 survivors (5120K)
 Metaspace       used 71177K, committed 72064K, reserved 393216K
  class space    used 10191K, committed 10624K, reserved 327680K
}
Event: 45.346 GC heap after
{Heap after GC invocations=13 (full 0):
 garbage-first heap   total 262144K, used 111593K [0x00000007e0000000, 0x0000000800000000)
  region size 1024K, 12 young (12288K), 12 survivors (12288K)
 Metaspace       used 71177K, committed 72064K, reserved 393216K
  class space    used 10191K, committed 10624K, reserved 327680K
}

Deoptimization events (20 events):
Event: 45.241 Thread 0x00007fbc862ad200 DEOPT PACKING pc=0x000000012233d20c sp=0x0000700004475980
Event: 45.241 Thread 0x00007fbc862ad200 DEOPT UNPACKING pc=0x0000000121aa7099 sp=0x00007000044758c0 mode 2
Event: 45.258 Thread 0x00007fbc862ad200 DEOPT PACKING pc=0x000000011b727421 sp=0x00007000044703e0
Event: 45.258 Thread 0x00007fbc862ad200 DEOPT UNPACKING pc=0x0000000121aa782f sp=0x000070000446f910 mode 0
Event: 45.368 Thread 0x00007fbc86e0cc00 DEOPT PACKING pc=0x000000011b727421 sp=0x0000700005fc5a10
Event: 45.368 Thread 0x00007fbc86e0cc00 DEOPT UNPACKING pc=0x0000000121aa782f sp=0x0000700005fc4f40 mode 0
Event: 45.424 Thread 0x00007fbc862ad200 Uncommon trap: trap_request=0xffffff45 fr.pc=0x0000000122034198 relative=0x0000000000000338
Event: 45.424 Thread 0x00007fbc862ad200 Uncommon trap: reason=unstable_if action=reinterpret pc=0x0000000122034198 method=org.gradle.internal.reflect.PropertyAccessorType.isSetterName(Ljava/lang/String;)Z @ 14 c2
Event: 45.424 Thread 0x00007fbc862ad200 DEOPT PACKING pc=0x0000000122034198 sp=0x00007000044709e0
Event: 45.424 Thread 0x00007fbc862ad200 DEOPT UNPACKING pc=0x0000000121aa7099 sp=0x0000700004470940 mode 2
Event: 45.466 Thread 0x00007fbc862ad200 Uncommon trap: trap_request=0xffffffc6 fr.pc=0x000000012217e990 relative=0x0000000000000250
Event: 45.466 Thread 0x00007fbc862ad200 Uncommon trap: reason=bimorphic_or_optimized_type_check action=maybe_recompile pc=0x000000012217e990 method=java.util.Spliterators$IteratorSpliterator.tryAdvance(Ljava/util/function/Consumer;)Z @ 50 c2
Event: 45.466 Thread 0x00007fbc862ad200 DEOPT PACKING pc=0x000000012217e990 sp=0x000070000446f780
Event: 45.466 Thread 0x00007fbc862ad200 DEOPT UNPACKING pc=0x0000000121aa7099 sp=0x000070000446f740 mode 2
Event: 45.513 Thread 0x00007fbc862ad200 DEOPT PACKING pc=0x000000011b162221 sp=0x000070000446f100
Event: 45.513 Thread 0x00007fbc862ad200 DEOPT UNPACKING pc=0x0000000121aa782f sp=0x000070000446e630 mode 0
Event: 45.587 Thread 0x00007fbc86031000 Uncommon trap: trap_request=0xffffff45 fr.pc=0x00000001220996a0 relative=0x0000000000000080
Event: 45.587 Thread 0x00007fbc86031000 Uncommon trap: reason=unstable_if action=reinterpret pc=0x00000001220996a0 method=java.lang.CharacterDataLatin1.isWhitespace(I)Z @ 14 c2
Event: 45.587 Thread 0x00007fbc86031000 DEOPT PACKING pc=0x00000001220996a0 sp=0x00007000072fcda0
Event: 45.587 Thread 0x00007fbc86031000 DEOPT UNPACKING pc=0x0000000121aa7099 sp=0x00007000072fcd30 mode 2

Classes unloaded (0 events):
No events

Classes redefined (0 events):
No events

Internal exceptions (20 events):
Event: 45.405 Thread 0x00007fbc862ad200 Exception <a 'java/lang/NoClassDefFoundError'{0x00000007efae38b8}: org/cyclonedx/gradle/CycloneDxPlugin> (0x00000007efae38b8) 
thrown [open/src/hotspot/share/oops/constantPool.cpp, line 835]
Event: 45.429 Thread 0x00007fbc862ad200 Exception <a 'java/lang/NoSuchMethodError'{0x00000007ef867688}: 'java.lang.Object java.lang.invoke.DirectMethodHandle$Holder.newInvokeSpecial(java.lang.Object, java.lang.Object, java.lang.Object, java.lang.Object, java.lang.Object, java.lang.Object, int)'> (0x00000007ef867688) 
thrown [open/src/hotspot/share/interpreter/linkResolver.cpp, line 759]
Event: 45.430 Thread 0x00007fbc862ad200 Exception <a 'java/lang/NoSuchMethodError'{0x00000007ef86cec0}: 'java.lang.Object java.lang.invoke.DirectMethodHandle$Holder.invokeSpecial(java.lang.Object, java.lang.Object, java.lang.Object, java.lang.Object, java.lang.Object, java.lang.Object, java.lang.Object, int)'> (0x00000007ef86cec0) 
thrown [open/src/hotspot/share/interpreter/linkResolver.cpp, line 759]
Event: 45.430 Thread 0x00007fbc862ad200 Exception <a 'java/lang/NoSuchMethodError'{0x00000007ef8722e0}: 'java.lang.Object java.lang.invoke.Invokers$Holder.linkToTargetMethod(java.lang.Object, java.lang.Object, java.lang.Object, java.lang.Object, java.lang.Object, int, java.lang.Object)'> (0x00000007ef8722e0) 
thrown [open/src/hotspot/share/interpreter/linkResolver.cpp, line 759]
Event: 45.502 Thread 0x00007fbc862ad200 Exception <a 'java/lang/ClassNotFoundException'{0x00000007ef414cc0}: org/springframework/boot/gradle/tasks/run/BootRun_DecoratedBeanInfo> (0x00000007ef414cc0) 
thrown [open/src/hotspot/share/classfile/systemDictionary.cpp, line 256]
Event: 45.502 Thread 0x00007fbc862ad200 Exception <a 'java/lang/ClassNotFoundException'{0x00000007ef420480}: org/springframework/boot/gradle/tasks/run/BootRunBeanInfo> (0x00000007ef420480) 
thrown [open/src/hotspot/share/classfile/systemDictionary.cpp, line 256]
Event: 45.502 Thread 0x00007fbc862ad200 Exception <a 'java/lang/ClassNotFoundException'{0x00000007ef42e2a0}: org/gradle/api/tasks/JavaExecBeanInfo> (0x00000007ef42e2a0) 
thrown [open/src/hotspot/share/classfile/systemDictionary.cpp, line 256]
Event: 45.502 Thread 0x00007fbc862ad200 Exception <a 'java/lang/ClassNotFoundException'{0x00000007ef43af88}: org/gradle/api/tasks/JavaExecCustomizer> (0x00000007ef43af88) 
thrown [open/src/hotspot/share/classfile/systemDictionary.cpp, line 256]
Event: 45.504 Thread 0x00007fbc862ad200 Exception <a 'java/lang/ClassNotFoundException'{0x00000007ef49c100}: org/springframework/boot/gradle/tasks/run/BootRunCustomizer> (0x00000007ef49c100) 
thrown [open/src/hotspot/share/classfile/systemDictionary.cpp, line 256]
Event: 45.506 Thread 0x00007fbc862ad200 Exception <a 'java/lang/ClassNotFoundException'{0x00000007ef4c31f0}: org/springframework/boot/gradle/tasks/run/BootRun_DecoratedCustomizer> (0x00000007ef4c31f0) 
thrown [open/src/hotspot/share/classfile/systemDictionary.cpp, line 256]
Event: 45.512 Thread 0x00007fbc862ad200 Exception <a 'java/lang/ClassNotFoundException'{0x00000007ef378ca0}: java/util/regex/PatternBeanInfo> (0x00000007ef378ca0) 
thrown [open/src/hotspot/share/classfile/systemDictionary.cpp, line 256]
Event: 45.512 Thread 0x00007fbc862ad200 Exception <a 'java/lang/ClassNotFoundException'{0x00000007ef37eb28}: java/util/regex/PatternCustomizer> (0x00000007ef37eb28) 
thrown [open/src/hotspot/share/classfile/systemDictionary.cpp, line 256]
Event: 45.515 Thread 0x00007fbc862ad200 Exception <a 'java/lang/ClassNotFoundException'{0x00000007ef3afe98}: ijresolvers1_d0kd1zdt8dfr5fbbzol7ma5sz$1BeanInfo> (0x00000007ef3afe98) 
thrown [open/src/hotspot/share/classfile/systemDictionary.cpp, line 256]
Event: 45.516 Thread 0x00007fbc862ad200 Exception <a 'java/lang/ClassNotFoundException'{0x00000007ef3b7270}: ijresolvers1_d0kd1zdt8dfr5fbbzol7ma5sz$1Customizer> (0x00000007ef3b7270) 
thrown [open/src/hotspot/share/classfile/systemDictionary.cpp, line 256]
Event: 45.524 Thread 0x00007fbc86031000 Exception <a 'java/lang/NoSuchMethodError'{0x00000007ef2aa430}: 'void java.lang.invoke.DirectMethodHandle$Holder.invokeSpecial(java.lang.Object, java.lang.Object, java.lang.Object, java.lang.Object, int, java.lang.Object, java.lang.Object)'> (0x00000007ef2aa430) 
thrown [open/src/hotspot/share/interpreter/linkResolver.cpp, line 759]
Event: 45.537 Thread 0x00007fbc8d834c00 Exception <a 'java/lang/NoSuchMethodError'{0x00000007ef13a1e8}: static Lorg/gradle/internal/build/event/types/DefaultBinaryPluginIdentifier;.<clinit>()V> (0x00000007ef13a1e8) 
thrown [open/src/hotspot/share/prims/jni.cpp, line 1107]
Event: 45.549 Thread 0x00007fbc86031000 Exception <a 'sun/nio/fs/UnixException'{0x00000007ef1a72c0}> (0x00000007ef1a72c0) 
thrown [open/src/hotspot/share/prims/jni.cpp, line 516]
Event: 45.549 Thread 0x00007fbc86031000 Exception <a 'sun/nio/fs/UnixException'{0x00000007ef1a9838}> (0x00000007ef1a9838) 
thrown [open/src/hotspot/share/prims/jni.cpp, line 516]
Event: 45.550 Thread 0x00007fbc86031000 Exception <a 'sun/nio/fs/UnixException'{0x00000007ef1b8560}> (0x00000007ef1b8560) 
thrown [open/src/hotspot/share/prims/jni.cpp, line 516]
Event: 45.550 Thread 0x00007fbc86031000 Exception <a 'sun/nio/fs/UnixException'{0x00000007ef1ba410}> (0x00000007ef1ba410) 
thrown [open/src/hotspot/share/prims/jni.cpp, line 516]

VM Operations (20 events):
Event: 17.702 Executing VM operation: Cleanup
Event: 17.702 Executing VM operation: Cleanup done
Event: 18.706 Executing VM operation: Cleanup
Event: 18.706 Executing VM operation: Cleanup done
Event: 21.717 Executing VM operation: Cleanup
Event: 21.717 Executing VM operation: Cleanup done
Event: 25.732 Executing VM operation: Cleanup
Event: 25.732 Executing VM operation: Cleanup done
Event: 41.796 Executing VM operation: Cleanup
Event: 41.796 Executing VM operation: Cleanup done
Event: 45.326 Executing VM operation: ICBufferFull
Event: 45.326 Executing VM operation: ICBufferFull done
Event: 45.338 Executing VM operation: G1CollectForAllocation
Event: 45.346 Executing VM operation: G1CollectForAllocation done
Event: 45.478 Executing VM operation: ICBufferFull
Event: 45.478 Executing VM operation: ICBufferFull done
Event: 45.553 Executing VM operation: HandshakeAllThreads
Event: 45.553 Executing VM operation: HandshakeAllThreads done
Event: 45.556 Executing VM operation: HandshakeAllThreads
Event: 45.557 Executing VM operation: HandshakeAllThreads done

Events (20 events):
Event: 45.512 loading class java/util/regex/PatternCustomizer
Event: 45.512 loading class java/util/regex/PatternCustomizer done
Event: 45.517 Thread 0x00007fbc86f47800 Thread added: 0x00007fbc86f47800
Event: 45.517 Protecting memory [0x00007000070fe000,0x0000700007102000] with protection modes 0
Event: 45.517 Thread 0x00007fbc86031000 Thread added: 0x00007fbc86031000
Event: 45.518 Protecting memory [0x0000700007201000,0x0000700007205000] with protection modes 0
Event: 45.518 Thread 0x00007fbc8c941c00 Thread added: 0x00007fbc8c941c00
Event: 45.518 Protecting memory [0x0000700007304000,0x0000700007308000] with protection modes 0
Event: 45.518 Thread 0x00007fbc86f47e00 Thread added: 0x00007fbc86f47e00
Event: 45.518 Protecting memory [0x0000700007407000,0x000070000740b000] with protection modes 0
Event: 45.518 Thread 0x00007fbc8d045a00 Thread added: 0x00007fbc8d045a00
Event: 45.518 Protecting memory [0x000070000750a000,0x000070000750e000] with protection modes 0
Event: 45.518 Thread 0x00007fbc8d046000 Thread added: 0x00007fbc8d046000
Event: 45.518 Protecting memory [0x000070000760d000,0x0000700007611000] with protection modes 0
Event: 45.518 Thread 0x00007fbc8d0cea00 Thread added: 0x00007fbc8d0cea00
Event: 45.518 Protecting memory [0x0000700007710000,0x0000700007714000] with protection modes 0
Event: 45.518 Thread 0x00007fbc8d0cf000 Thread added: 0x00007fbc8d0cf000
Event: 45.518 Protecting memory [0x0000700007813000,0x0000700007817000] with protection modes 0
Event: 45.534 Thread 0x00007fbc8678e000 Thread added: 0x00007fbc8678e000
Event: 45.534 Protecting memory [0x0000700007916000,0x000070000791a000] with protection modes 0


Dynamic libraries:
0x00007fff2a585000 	/usr/lib/libz.1.dylib
0x000000010d5cc000 	/Library/Java/JavaVirtualMachines/jdk-17.jdk/Contents/Home/lib/libjli.dylib
0x00007fff350d7000 	/System/Library/Frameworks/Cocoa.framework/Versions/A/Cocoa
0x00007fff222fc000 	/System/Library/Frameworks/Security.framework/Versions/A/Security
0x00007fff332d4000 	/System/Library/Frameworks/ApplicationServices.framework/Versions/A/ApplicationServices
0x00007fff2a64d000 	/usr/lib/libSystem.B.dylib
0x00007fff2a647000 	/usr/lib/system/libcache.dylib
0x00007fff2a603000 	/usr/lib/system/libcommonCrypto.dylib
0x00007fff2a62d000 	/usr/lib/system/libcompiler_rt.dylib
0x00007fff2a622000 	/usr/lib/system/libcopyfile.dylib
0x00007fff201d0000 	/usr/lib/system/libcorecrypto.dylib
0x00007fff2029d000 	/usr/lib/system/libdispatch.dylib
0x00007fff20451000 	/usr/lib/system/libdyld.dylib
0x00007fff2a63e000 	/usr/lib/system/libkeymgr.dylib
0x00007fff2da86000 	/usr/lib/system/liblaunch.dylib
0x00007fff2a5e1000 	/usr/lib/system/libmacho.dylib
0x00007fff29dfb000 	/usr/lib/system/libquarantine.dylib
0x00007fff2a63b000 	/usr/lib/system/libremovefile.dylib
0x00007fff24c93000 	/usr/lib/system/libsystem_asl.dylib
0x00007fff20180000 	/usr/lib/system/libsystem_blocks.dylib
0x00007fff2031e000 	/usr/lib/system/libsystem_c.dylib
0x00007fff2a635000 	/usr/lib/system/libsystem_collections.dylib
0x00007fff290ef000 	/usr/lib/system/libsystem_configuration.dylib
0x00007fff283e2000 	/usr/lib/system/libsystem_containermanager.dylib
0x00007fff2a37d000 	/usr/lib/system/libsystem_coreservices.dylib
0x00007fff228b0000 	/usr/lib/system/libsystem_darwin.dylib
0x00007fff2a63f000 	/usr/lib/system/libsystem_dnssd.dylib
0x00007fff2031b000 	/usr/lib/system/libsystem_featureflags.dylib
0x00007fff20496000 	/usr/lib/system/libsystem_info.dylib
0x00007fff2a598000 	/usr/lib/system/libsystem_m.dylib
0x00007fff20270000 	/usr/lib/system/libsystem_malloc.dylib
0x00007fff24c27000 	/usr/lib/system/libsystem_networkextension.dylib
0x00007fff22ccb000 	/usr/lib/system/libsystem_notify.dylib
0x00007fff2ff3a000 	/usr/lib/system/libsystem_product_info_filter.dylib
0x00007fff290f3000 	/usr/lib/system/libsystem_sandbox.dylib
0x00007fff2a638000 	/usr/lib/system/libsystem_secinit.dylib
0x00007fff20416000 	/usr/lib/system/libsystem_kernel.dylib
0x00007fff2048c000 	/usr/lib/system/libsystem_platform.dylib
0x00007fff20445000 	/usr/lib/system/libsystem_pthread.dylib
0x00007fff26392000 	/usr/lib/system/libsystem_symptoms.dylib
0x00007fff201b8000 	/usr/lib/system/libsystem_trace.dylib
0x00007fff2a60f000 	/usr/lib/system/libunwind.dylib
0x00007fff20182000 	/usr/lib/system/libxpc.dylib
0x00007fff203fd000 	/usr/lib/libc++abi.dylib
0x00007fff202e2000 	/usr/lib/libobjc.A.dylib
0x00007fff2a61a000 	/usr/lib/liboah.dylib
0x00007fff203a7000 	/usr/lib/libc++.1.dylib
0x00007fff204c2000 	/System/Library/Frameworks/CoreFoundation.framework/Versions/A/CoreFoundation
0x00007fff2126f000 	/System/Library/Frameworks/Foundation.framework/Versions/C/Foundation
0x00007fff22d23000 	/System/Library/Frameworks/AppKit.framework/Versions/C/AppKit
0x00007fff25bbb000 	/System/Library/Frameworks/CoreData.framework/Versions/A/CoreData
0x00007fff23a86000 	/System/Library/PrivateFrameworks/UIFoundation.framework/Versions/A/UIFoundation
0x00007fff2fcb3000 	/System/Library/PrivateFrameworks/RemoteViewServices.framework/Versions/A/RemoteViewServices
0x00007fff28aac000 	/System/Library/PrivateFrameworks/XCTTargetBootstrap.framework/Versions/A/XCTTargetBootstrap
0x00007fff2b78d000 	/usr/lib/libspindump.dylib
0x00007fff23cdb000 	/System/Library/Frameworks/UniformTypeIdentifiers.framework/Versions/A/UniformTypeIdentifiers
0x00007fff27282000 	/usr/lib/libapp_launch_measurement.dylib
0x00007fff27285000 	/System/Library/PrivateFrameworks/CoreAutoLayout.framework/Versions/A/CoreAutoLayout
0x00007fff2840e000 	/System/Library/Frameworks/Metal.framework/Versions/A/Metal
0x00007fff290fe000 	/usr/lib/liblangid.dylib
0x00007fff28ab0000 	/System/Library/PrivateFrameworks/CoreSVG.framework/Versions/A/CoreSVG
0x00007fff24cc2000 	/System/Library/PrivateFrameworks/SkyLight.framework/Versions/A/SkyLight
0x00007fff25029000 	/System/Library/Frameworks/CoreGraphics.framework/Versions/A/CoreGraphics
0x00007fff3030a000 	/System/Library/Frameworks/Accelerate.framework/Versions/A/Accelerate
0x00007fff2b1c8000 	/System/Library/PrivateFrameworks/IconServices.framework/Versions/A/IconServices
0x00007fff283f3000 	/System/Library/Frameworks/IOSurface.framework/Versions/A/IOSurface
0x00007fff26544000 	/usr/lib/libDiagnosticMessagesClient.dylib
0x00007fff28a98000 	/System/Library/PrivateFrameworks/DFRFoundation.framework/Versions/A/DFRFoundation
0x00007fff2264e000 	/usr/lib/libicucore.A.dylib
0x00007fff2ccd4000 	/System/Library/Frameworks/AudioToolbox.framework/Versions/A/AudioToolbox
0x00007fff2bf79000 	/System/Library/PrivateFrameworks/DataDetectorsCore.framework/Versions/A/DataDetectorsCore
0x00007fff28798000 	/System/Library/Frameworks/Carbon.framework/Versions/A/Frameworks/HIToolbox.framework/Versions/A/HIToolbox
0x00007fff26cdd000 	/System/Library/Frameworks/QuartzCore.framework/Versions/A/QuartzCore
0x00007fff2fcef000 	/System/Library/Frameworks/Carbon.framework/Versions/A/Frameworks/SpeechRecognition.framework/Versions/A/SpeechRecognition
0x00007fff26fea000 	/System/Library/PrivateFrameworks/CoreUI.framework/Versions/A/CoreUI
0x00007fff21c57000 	/System/Library/Frameworks/CoreAudio.framework/Versions/A/CoreAudio
0x00007fff2662f000 	/System/Library/Frameworks/DiskArbitration.framework/Versions/A/DiskArbitration
0x00007fff2bb88000 	/System/Library/PrivateFrameworks/MultitouchSupport.framework/Versions/A/MultitouchSupport
0x00007fff2bf70000 	/System/Library/PrivateFrameworks/InternationalSupport.framework/Versions/A/InternationalSupport
0x00007fff24c36000 	/usr/lib/libenergytrace.dylib
0x00007fff22c1c000 	/System/Library/Frameworks/IOKit.framework/Versions/A/IOKit
0x00007fff3003c000 	/System/Library/Frameworks/CoreServices.framework/Versions/A/CoreServices
0x00007fff27218000 	/System/Library/PrivateFrameworks/PerformanceAnalysis.framework/Versions/A/PerformanceAnalysis
0x00007fff6c9a6000 	/System/Library/Frameworks/OpenGL.framework/Versions/A/OpenGL
0x00007fff2bff5000 	/System/Library/PrivateFrameworks/UserActivity.framework/Versions/A/UserActivity
0x00007fff256bd000 	/System/Library/Frameworks/ColorSync.framework/Versions/A/ColorSync
0x00007fff28d15000 	/System/Library/Frameworks/CoreImage.framework/Versions/A/CoreImage
0x00007fff21a6e000 	/System/Library/Frameworks/CoreText.framework/Versions/A/CoreText
0x00007fff28ada000 	/System/Library/Frameworks/ImageIO.framework/Versions/A/ImageIO
0x00007fff2a653000 	/System/Library/PrivateFrameworks/SoftLinking.framework/Versions/A/SoftLinking
0x00007fff272ce000 	/usr/lib/libxml2.2.dylib
0x00007fff2a8c5000 	/usr/lib/libcompression.dylib
0x00007fff24c37000 	/usr/lib/libMobileGestalt.dylib
0x00007fff2bea3000 	/System/Library/PrivateFrameworks/TextureIO.framework/Versions/A/TextureIO
0x00007fff2aeeb000 	/usr/lib/libate.dylib
0x00007fff2acd0000 	/usr/lib/liblzma.5.dylib
0x00007fff20f83000 	/System/Library/Frameworks/SystemConfiguration.framework/Versions/A/SystemConfiguration
0x00007fff2a64f000 	/usr/lib/libfakelink.dylib
0x00007fff24789000 	/System/Library/Frameworks/CFNetwork.framework/Versions/A/CFNetwork
0x00007fff2a78f000 	/usr/lib/libarchive.2.dylib
0x00007fff21001000 	/usr/lib/libCRFSuite.dylib
0x00007fff29e22000 	/usr/lib/libbsm.0.dylib
0x00007fff24145000 	/usr/lib/libnetwork.dylib
0x00007fff2a654000 	/usr/lib/libpcap.A.dylib
0x00007fff2638b000 	/usr/lib/libdns_services.dylib
0x00007fff2ace9000 	/usr/lib/libcoretls_cfhelpers.dylib
0x00007fff2a893000 	/usr/lib/libapple_nghttp2.dylib
0x00007fff2a5e7000 	/usr/lib/system/libkxld.dylib
0x00007fff25ff1000 	/usr/lib/libsqlite3.dylib
0x00007fff2a35f000 	/System/Library/PrivateFrameworks/AppleFSCompression.framework/Versions/A/AppleFSCompression
0x00007fff29e0a000 	/usr/lib/libcoretls.dylib
0x00007fff2a8c0000 	/usr/lib/libpam.2.dylib
0x00007fff2ade6000 	/usr/lib/libxar.1.dylib
0x00007fff290fa000 	/System/Library/PrivateFrameworks/AppleSystemInfo.framework/Versions/A/AppleSystemInfo
0x00007fff29a4d000 	/System/Library/PrivateFrameworks/IOMobileFramebuffer.framework/Versions/A/IOMobileFramebuffer
0x00007fff2a36f000 	/usr/lib/libbz2.1.0.dylib
0x00007fff2a68c000 	/usr/lib/libiconv.2.dylib
0x00007fff2a5e0000 	/usr/lib/libcharset.1.dylib
0x00007fff27254000 	/System/Library/Frameworks/CoreServices.framework/Versions/A/Frameworks/FSEvents.framework/Versions/A/FSEvents
0x00007fff228ba000 	/System/Library/Frameworks/CoreServices.framework/Versions/A/Frameworks/CarbonCore.framework/Versions/A/CarbonCore
0x00007fff26594000 	/System/Library/Frameworks/CoreServices.framework/Versions/A/Frameworks/Metadata.framework/Versions/A/Metadata
0x00007fff2a382000 	/System/Library/Frameworks/CoreServices.framework/Versions/A/Frameworks/OSServices.framework/Versions/A/OSServices
0x00007fff2a801000 	/System/Library/Frameworks/CoreServices.framework/Versions/A/Frameworks/SearchKit.framework/Versions/A/SearchKit
0x00007fff26315000 	/System/Library/Frameworks/CoreServices.framework/Versions/A/Frameworks/AE.framework/Versions/A/AE
0x00007fff2095e000 	/System/Library/Frameworks/CoreServices.framework/Versions/A/Frameworks/LaunchServices.framework/Versions/A/LaunchServices
0x00007fff2ac81000 	/System/Library/Frameworks/CoreServices.framework/Versions/A/Frameworks/DictionaryServices.framework/Versions/A/DictionaryServices
0x00007fff2725d000 	/System/Library/Frameworks/CoreServices.framework/Versions/A/Frameworks/SharedFileList.framework/Versions/A/SharedFileList
0x00007fff29dfe000 	/usr/lib/libCheckFix.dylib
0x00007fff24caa000 	/System/Library/PrivateFrameworks/TCC.framework/Versions/A/TCC
0x00007fff29100000 	/System/Library/PrivateFrameworks/CoreNLP.framework/Versions/A/CoreNLP
0x00007fff26547000 	/System/Library/PrivateFrameworks/MetadataUtilities.framework/Versions/A/MetadataUtilities
0x00007fff21037000 	/usr/lib/libmecabra.dylib
0x00007fff2a111000 	/System/Library/Frameworks/MLCompute.framework/Versions/A/MLCompute
0x00007fff29e33000 	/usr/lib/libmecab.dylib
0x00007fff29e7d000 	/usr/lib/libgermantok.dylib
0x00007fff2a869000 	/usr/lib/libThaiTokenizer.dylib
0x00007fff2ae21000 	/usr/lib/libChineseTokenizer.dylib
0x00007fff2a8be000 	/System/Library/Frameworks/MetalPerformanceShaders.framework/Versions/A/MetalPerformanceShaders
0x00007fff26636000 	/System/Library/Frameworks/Accelerate.framework/Versions/A/Frameworks/vImage.framework/Versions/A/vImage
0x00007fff30015000 	/System/Library/Frameworks/Accelerate.framework/Versions/A/Frameworks/vecLib.framework/Versions/A/vecLib
0x00007fff2ae2c000 	/System/Library/Frameworks/Accelerate.framework/Versions/A/Frameworks/vecLib.framework/Versions/A/libvMisc.dylib
0x00007fff29866000 	/System/Library/Frameworks/Accelerate.framework/Versions/A/Frameworks/vecLib.framework/Versions/A/libvDSP.dylib
0x00007fff20c62000 	/System/Library/Frameworks/Accelerate.framework/Versions/A/Frameworks/vecLib.framework/Versions/A/libBLAS.dylib
0x00007fff2a8e4000 	/System/Library/Frameworks/Accelerate.framework/Versions/A/Frameworks/vecLib.framework/Versions/A/libLAPACK.dylib
0x00007fff29e83000 	/System/Library/Frameworks/Accelerate.framework/Versions/A/Frameworks/vecLib.framework/Versions/A/libLinearAlgebra.dylib
0x00007fff2a8ab000 	/System/Library/Frameworks/Accelerate.framework/Versions/A/Frameworks/vecLib.framework/Versions/A/libSparseBLAS.dylib
0x00007fff2a8de000 	/System/Library/Frameworks/Accelerate.framework/Versions/A/Frameworks/vecLib.framework/Versions/A/libQuadrature.dylib
0x00007fff291a8000 	/System/Library/Frameworks/Accelerate.framework/Versions/A/Frameworks/vecLib.framework/Versions/A/libBNNS.dylib
0x00007fff20f14000 	/System/Library/Frameworks/Accelerate.framework/Versions/A/Frameworks/vecLib.framework/Versions/A/libSparse.dylib
0x00007fff29093000 	/System/Library/Frameworks/MetalPerformanceShaders.framework/Versions/A/Frameworks/MPSCore.framework/Versions/A/MPSCore
0x00007fff2a2ce000 	/System/Library/Frameworks/MetalPerformanceShaders.framework/Versions/A/Frameworks/MPSImage.framework/Versions/A/MPSImage
0x00007fff29e99000 	/System/Library/Frameworks/MetalPerformanceShaders.framework/Versions/A/Frameworks/MPSNeuralNetwork.framework/Versions/A/MPSNeuralNetwork
0x00007fff2a259000 	/System/Library/Frameworks/MetalPerformanceShaders.framework/Versions/A/Frameworks/MPSMatrix.framework/Versions/A/MPSMatrix
0x00007fff2a0c1000 	/System/Library/Frameworks/MetalPerformanceShaders.framework/Versions/A/Frameworks/MPSRayIntersector.framework/Versions/A/MPSRayIntersector
0x00007fff2a290000 	/System/Library/Frameworks/MetalPerformanceShaders.framework/Versions/A/Frameworks/MPSNDArray.framework/Versions/A/MPSNDArray
0x00007fff20b8e000 	/System/Library/PrivateFrameworks/MetalTools.framework/Versions/A/MetalTools
0x00007fff290f8000 	/System/Library/PrivateFrameworks/AggregateDictionary.framework/Versions/A/AggregateDictionary
0x00007fff2651f000 	/System/Library/PrivateFrameworks/CoreAnalytics.framework/Versions/A/CoreAnalytics
0x00007fff2a86b000 	/System/Library/PrivateFrameworks/AppleSauce.framework/Versions/A/AppleSauce
0x00007fff28405000 	/System/Library/PrivateFrameworks/IOAccelerator.framework/Versions/A/IOAccelerator
0x00007fff6c99a000 	/System/Library/Frameworks/OpenGL.framework/Versions/A/Libraries/libCoreFSCache.dylib
0x00007fff215d3000 	/System/Library/PrivateFrameworks/LanguageModeling.framework/Versions/A/LanguageModeling
0x00007fff29a3a000 	/System/Library/PrivateFrameworks/CoreEmoji.framework/Versions/A/CoreEmoji
0x00007fff291a1000 	/System/Library/PrivateFrameworks/LinguisticData.framework/Versions/A/LinguisticData
0x00007fff20ec6000 	/System/Library/PrivateFrameworks/Lexicon.framework/Versions/A/Lexicon
0x00007fff2a77d000 	/usr/lib/libcmph.dylib
0x00007fff27234000 	/System/Library/Frameworks/OpenDirectory.framework/Versions/A/Frameworks/CFOpenDirectory.framework/Versions/A/CFOpenDirectory
0x00007fff27224000 	/System/Library/Frameworks/OpenDirectory.framework/Versions/A/OpenDirectory
0x00007fff2aceb000 	/System/Library/PrivateFrameworks/APFS.framework/Versions/A/APFS
0x00007fff29d5f000 	/System/Library/Frameworks/SecurityFoundation.framework/Versions/A/SecurityFoundation
0x00007fff2adf4000 	/usr/lib/libutil.dylib
0x00007fff22be1000 	/System/Library/PrivateFrameworks/CoreServicesStore.framework/Versions/A/CoreServicesStore
0x00007fff29df6000 	/System/Library/Frameworks/ServiceManagement.framework/Versions/A/ServiceManagement
0x00007fff2adf8000 	/usr/lib/libxslt.1.dylib
0x00007fff29dec000 	/System/Library/PrivateFrameworks/BackgroundTaskManagement.framework/Versions/A/BackgroundTaskManagement
0x00007fff2bded000 	/System/Library/Frameworks/ImageIO.framework/Versions/A/Resources/libRadiance.dylib
0x00007fff2bdf7000 	/System/Library/Frameworks/ImageIO.framework/Versions/A/Resources/libJPEG.dylib
0x00007fff2bd42000 	/System/Library/Frameworks/ImageIO.framework/Versions/A/Resources/libPng.dylib
0x00007fff2bd69000 	/System/Library/Frameworks/ImageIO.framework/Versions/A/Resources/libTIFF.dylib
0x00007fff2be4c000 	/System/Library/Frameworks/ImageIO.framework/Versions/A/Resources/libGIF.dylib
0x00007fff2baa5000 	/System/Library/Frameworks/ImageIO.framework/Versions/A/Resources/libJP2.dylib
0x00007fff2b18f000 	/usr/lib/libexpat.1.dylib
0x00007fff2ba5a000 	/System/Library/PrivateFrameworks/AppleJPEG.framework/Versions/A/AppleJPEG
0x00007fff2863b000 	/System/Library/PrivateFrameworks/FontServices.framework/libFontParser.dylib
0x00007fff262c9000 	/System/Library/PrivateFrameworks/RunningBoardServices.framework/Versions/A/RunningBoardServices
0x00007fff2bb84000 	/System/Library/PrivateFrameworks/WatchdogClient.framework/Versions/A/WatchdogClient
0x00007fff216c0000 	/System/Library/Frameworks/CoreDisplay.framework/Versions/A/CoreDisplay
0x00007fff28551000 	/System/Library/Frameworks/CoreMedia.framework/Versions/A/CoreMedia
0x00007fff273b1000 	/System/Library/Frameworks/CoreVideo.framework/Versions/A/CoreVideo
0x00007fff2bbbc000 	/System/Library/Frameworks/VideoToolbox.framework/Versions/A/VideoToolbox
0x00007fff26247000 	/System/Library/PrivateFrameworks/BaseBoard.framework/Versions/A/BaseBoard
0x00007fff2b2d4000 	/System/Library/PrivateFrameworks/PersistentConnection.framework/Versions/A/PersistentConnection
0x00007fff25fda000 	/System/Library/PrivateFrameworks/ProtocolBuffer.framework/Versions/A/ProtocolBuffer
0x00007fff2622e000 	/System/Library/PrivateFrameworks/CommonUtilities.framework/Versions/A/CommonUtilities
0x00007fff2b9ef000 	/System/Library/PrivateFrameworks/Bom.framework/Versions/A/Bom
0x00007fff2bde6000 	/System/Library/PrivateFrameworks/GPUWrangler.framework/Versions/A/GPUWrangler
0x00007fff2bdc9000 	/System/Library/PrivateFrameworks/IOPresentment.framework/Versions/A/IOPresentment
0x00007fff2bdf1000 	/System/Library/PrivateFrameworks/DSExternalDisplay.framework/Versions/A/DSExternalDisplay
0x00007fff2be51000 	/System/Library/PrivateFrameworks/CMCaptureCore.framework/Versions/A/CMCaptureCore
0x00007fff2b774000 	/System/Library/PrivateFrameworks/AppServerSupport.framework/Versions/A/AppServerSupport
0x00007fff2d825000 	/System/Library/PrivateFrameworks/perfdata.framework/Versions/A/perfdata
0x00007fff29d4e000 	/System/Library/PrivateFrameworks/AssertionServices.framework/Versions/A/AssertionServices
0x00007fff217f7000 	/System/Library/PrivateFrameworks/AudioToolboxCore.framework/Versions/A/AudioToolboxCore
0x00007fff28534000 	/System/Library/PrivateFrameworks/caulk.framework/Versions/A/caulk
0x00007fff3d4d0000 	/System/Library/PrivateFrameworks/SystemPolicy.framework/Versions/A/SystemPolicy
0x00007fff2af84000 	/usr/lib/libIOReport.dylib
0x00007fff2d047000 	/usr/lib/libSMC.dylib
0x00007fff2bd0f000 	/usr/lib/libAudioToolboxUtility.dylib
0x00007fff3de3a000 	/usr/lib/libmis.dylib
0x00007fff6c9f6000 	/System/Library/Frameworks/OpenGL.framework/Versions/A/Libraries/libGLU.dylib
0x00007fff6c9b9000 	/System/Library/Frameworks/OpenGL.framework/Versions/A/Libraries/libGFXShared.dylib
0x00007fff6cbc8000 	/System/Library/Frameworks/OpenGL.framework/Versions/A/Libraries/libGL.dylib
0x00007fff6c9c2000 	/System/Library/Frameworks/OpenGL.framework/Versions/A/Libraries/libGLImage.dylib
0x00007fff6c9b6000 	/System/Library/Frameworks/OpenGL.framework/Versions/A/Libraries/libCVMSPluginSupport.dylib
0x00007fff6c9a1000 	/System/Library/Frameworks/OpenGL.framework/Versions/A/Libraries/libCoreVMClient.dylib
0x00007fff6e009000 	/System/Library/Frameworks/OpenCL.framework/Versions/A/OpenCL
0x00007fff2b2fe000 	/System/Library/PrivateFrameworks/GraphVisualizer.framework/Versions/A/GraphVisualizer
0x00007fff2b30d000 	/System/Library/PrivateFrameworks/FaceCore.framework/Versions/A/FaceCore
0x00007fff2b729000 	/System/Library/PrivateFrameworks/OTSVG.framework/Versions/A/OTSVG
0x00007fff26fa8000 	/System/Library/Frameworks/ApplicationServices.framework/Versions/A/Frameworks/ATS.framework/Versions/A/Resources/libFontRegistry.dylib
0x00007fff2b77b000 	/System/Library/PrivateFrameworks/FontServices.framework/libhvf.dylib
0x00007fff2b13b000 	/System/Library/PrivateFrameworks/AppleVA.framework/Versions/A/AppleVA
0x00007fff2ce90000 	/System/Library/Frameworks/ApplicationServices.framework/Versions/A/Frameworks/ATS.framework/Versions/A/ATS
0x00007fff2d1a2000 	/System/Library/Frameworks/ApplicationServices.framework/Versions/A/Frameworks/ColorSyncLegacy.framework/Versions/A/ColorSyncLegacy
0x00007fff257b4000 	/System/Library/Frameworks/ApplicationServices.framework/Versions/A/Frameworks/HIServices.framework/Versions/A/HIServices
0x00007fff2d187000 	/System/Library/Frameworks/ApplicationServices.framework/Versions/A/Frameworks/LangAnalysis.framework/Versions/A/LangAnalysis
0x00007fff2be5b000 	/System/Library/Frameworks/ApplicationServices.framework/Versions/A/Frameworks/PrintCore.framework/Versions/A/PrintCore
0x00007fff2d1aa000 	/System/Library/Frameworks/ApplicationServices.framework/Versions/A/Frameworks/QD.framework/Versions/A/QD
0x00007fff2ce80000 	/System/Library/Frameworks/ApplicationServices.framework/Versions/A/Frameworks/SpeechSynthesis.framework/Versions/A/SpeechSynthesis
0x00007fff2be1c000 	/System/Library/Frameworks/ApplicationServices.framework/Versions/A/Frameworks/ATSUI.framework/Versions/A/ATSUI
0x00007fff2d127000 	/usr/lib/libcups.2.dylib
0x00007fff2d197000 	/System/Library/PrivateFrameworks/NetAuth.framework/Versions/A/NetAuth
0x00007fff2d841000 	/System/Library/Frameworks/Kerberos.framework/Versions/A/Kerberos
0x00007fff2d851000 	/System/Library/Frameworks/GSS.framework/Versions/A/GSS
0x00007fff2cefc000 	/usr/lib/libresolv.9.dylib
0x00007fff2b790000 	/System/Library/PrivateFrameworks/Heimdal.framework/Versions/A/Heimdal
0x00007fff335d5000 	/System/Library/Frameworks/Kerberos.framework/Versions/A/Libraries/libHeimdalProxy.dylib
0x00007fff2639a000 	/System/Library/Frameworks/Network.framework/Versions/A/Network
0x00007fff2b1a9000 	/usr/lib/libheimdal-asn1.dylib
0x00007fff2d8a1000 	/System/Library/PrivateFrameworks/CommonAuth.framework/Versions/A/CommonAuth
0x00007fff273fe000 	/System/Library/PrivateFrameworks/login.framework/Versions/A/Frameworks/loginsupport.framework/Versions/A/loginsupport
0x00007fff2ce05000 	/System/Library/PrivateFrameworks/AudioSession.framework/Versions/A/AudioSession
0x00007fff2ce6d000 	/usr/lib/libAudioStatistics.dylib
0x00007fff2b236000 	/System/Library/PrivateFrameworks/MediaExperience.framework/Versions/A/MediaExperience
0x00007fff2cca2000 	/System/Library/PrivateFrameworks/AudioSession.framework/libSessionUtility.dylib
0x00007fff2d832000 	/usr/lib/libperfcheck.dylib
0x00007fff2d1b6000 	/System/Library/PrivateFrameworks/AudioResourceArbitration.framework/Versions/A/AudioResourceArbitration
0x00007fff2b1b3000 	/System/Library/PrivateFrameworks/IconFoundation.framework/Versions/A/IconFoundation
0x00007fff2fcdf000 	/System/Library/PrivateFrameworks/SpeechRecognitionCore.framework/Versions/A/SpeechRecognitionCore
0x0000000111800000 	/Library/Java/JavaVirtualMachines/jdk-17.jdk/Contents/Home/lib/server/libjvm.dylib
0x000000010d5fa000 	/Library/Java/JavaVirtualMachines/jdk-17.jdk/Contents/Home/lib/libjimage.dylib
0x000000010d60c000 	/Library/Java/JavaVirtualMachines/jdk-17.jdk/Contents/Home/lib/libinstrument.dylib
0x000000010d620000 	/Library/Java/JavaVirtualMachines/jdk-17.jdk/Contents/Home/lib/libjava.dylib
0x000000010d7c2000 	/Library/Java/JavaVirtualMachines/jdk-17.jdk/Contents/Home/lib/libzip.dylib
0x000000010d7d6000 	/Library/Java/JavaVirtualMachines/jdk-17.jdk/Contents/Home/lib/libnio.dylib
0x0000000112b67000 	/Library/Java/JavaVirtualMachines/jdk-17.jdk/Contents/Home/lib/libnet.dylib
0x0000000112b87000 	/Library/Java/JavaVirtualMachines/jdk-17.jdk/Contents/Home/lib/libverify.dylib
0x000000010d7f2000 	/Users/aprilgould/.gradle/native/c067742578af261105cb4f569cf0c3c89f3d7b1fecec35dd04571415982c5e48/osx-amd64/libnative-platform.dylib
0x0000000112b9f000 	/Users/aprilgould/.gradle/native/100fb08df4bc3b14c8652ba06237920a3bd2aa13389f12d3474272988ae205f9/osx-amd64/libnative-platform-file-events.dylib
0x0000000112c0b000 	/Library/Java/JavaVirtualMachines/jdk-17.jdk/Contents/Home/lib/libmanagement.dylib
0x0000000112c1b000 	/Library/Java/JavaVirtualMachines/jdk-17.jdk/Contents/Home/lib/libmanagement_ext.dylib
0x0000000112c2b000 	/Library/Java/JavaVirtualMachines/jdk-17.jdk/Contents/Home/lib/libextnet.dylib


VM Arguments:
jvm_args: --add-opens=java.base/java.util=ALL-UNNAMED --add-opens=java.base/java.lang=ALL-UNNAMED --add-opens=java.base/java.lang.invoke=ALL-UNNAMED --add-opens=java.prefs/java.util.prefs=ALL-UNNAMED --add-opens=java.base/java.nio.charset=ALL-UNNAMED --add-opens=java.base/java.net=ALL-UNNAMED --add-opens=java.base/java.util.concurrent.atomic=ALL-UNNAMED -XX:MaxMetaspaceSize=384m -XX:+HeapDumpOnOutOfMemoryError -Xms256m -Xmx512m -Dfile.encoding=UTF-8 -Duser.country=US -Duser.language=en -Duser.variant -javaagent:/Users/aprilgould/.gradle/wrapper/dists/gradle-8.8-bin/dl7vupf4psengwqhwktix4v1/gradle-8.8/lib/agents/gradle-instrumentation-agent-8.8.jar 
java_command: org.gradle.launcher.daemon.bootstrap.GradleDaemon 8.8
java_class_path (initial): /Users/aprilgould/.gradle/wrapper/dists/gradle-8.8-bin/dl7vupf4psengwqhwktix4v1/gradle-8.8/lib/gradle-launcher-8.8.jar
Launcher Type: SUN_STANDARD

[Global flags]
     intx CICompilerCount                          = 4                                         {product} {ergonomic}
   size_t CompressedClassSpaceSize                 = 335544320                                 {product} {ergonomic}
     uint ConcGCThreads                            = 2                                         {product} {ergonomic}
     uint G1ConcRefinementThreads                  = 8                                         {product} {ergonomic}
   size_t G1HeapRegionSize                         = 1048576                                   {product} {ergonomic}
    uintx GCDrainStackTargetSize                   = 64                                        {product} {ergonomic}
     bool HeapDumpOnOutOfMemoryError               = true                                   {manageable} {command line}
   size_t InitialHeapSize                          = 268435456                                 {product} {command line}
   size_t MarkStackSize                            = 4194304                                   {product} {ergonomic}
   size_t MaxHeapSize                              = 536870912                                 {product} {command line}
   size_t MaxMetaspaceSize                         = 402653184                                 {product} {command line}
   size_t MaxNewSize                               = 321912832                                 {product} {ergonomic}
   size_t MinHeapDeltaBytes                        = 1048576                                   {product} {ergonomic}
   size_t MinHeapSize                              = 268435456                                 {product} {command line}
    uintx NonNMethodCodeHeapSize                   = 5839372                                {pd product} {ergonomic}
    uintx NonProfiledCodeHeapSize                  = 122909434                              {pd product} {ergonomic}
    uintx ProfiledCodeHeapSize                     = 122909434                              {pd product} {ergonomic}
    uintx ReservedCodeCacheSize                    = 251658240                              {pd product} {ergonomic}
     bool SegmentedCodeCache                       = true                                      {product} {ergonomic}
   size_t SoftMaxHeapSize                          = 536870912                              {manageable} {ergonomic}
     bool UseCompressedClassPointers               = true                           {product lp64_product} {ergonomic}
     bool UseCompressedOops                        = true                           {product lp64_product} {ergonomic}
     bool UseG1GC                                  = true                                      {product} {ergonomic}
     bool UseNUMA                                  = false                                     {product} {ergonomic}
     bool UseNUMAInterleaving                      = false                                     {product} {ergonomic}

Logging:
Log output configuration:
 #0: stdout all=warning uptime,level,tags
 #1: stderr all=off uptime,level,tags

Environment Variables:
PATH=/usr/local/bin:/usr/bin:/bin:/usr/sbin:/sbin
SHELL=/bin/zsh
LC_CTYPE=en_US.UTF-8

Signal Handlers:
   SIGSEGV: crash_handler in libjvm.dylib, mask=11100110000111110111111111111111, flags=SA_RESTART|SA_SIGINFO
    SIGBUS: crash_handler in libjvm.dylib, mask=11100110000111110111111111111111, flags=SA_RESTART|SA_SIGINFO
    SIGFPE: crash_handler in libjvm.dylib, mask=11100110000111110111111111111111, flags=SA_RESTART|SA_SIGINFO
   SIGPIPE: javaSignalHandler in libjvm.dylib, mask=11100110000111110111111111111111, flags=SA_RESTART|SA_SIGINFO
   SIGXFSZ: javaSignalHandler in libjvm.dylib, mask=11100110000111110111111111111111, flags=SA_RESTART|SA_SIGINFO
    SIGILL: crash_handler in libjvm.dylib, mask=11100110000111110111111111111111, flags=SA_RESTART|SA_SIGINFO
   SIGUSR2: SR_handler in libjvm.dylib, mask=00100000000000000000000000000000, flags=SA_RESTART|SA_SIGINFO
    SIGHUP: UserHandler in libjvm.dylib, mask=11100110000111110111111111111111, flags=SA_RESTART|SA_SIGINFO
    SIGINT: UserHandler in libjvm.dylib, mask=11100110000111110111111111111111, flags=SA_RESTART|SA_SIGINFO
   SIGTERM: UserHandler in libjvm.dylib, mask=11100110000111110111111111111111, flags=SA_RESTART|SA_SIGINFO
   SIGQUIT: UserHandler in libjvm.dylib, mask=11100110000111110111111111111111, flags=SA_RESTART|SA_SIGINFO
   SIGTRAP: crash_handler in libjvm.dylib, mask=11100110000111110111111111111111, flags=SA_RESTART|SA_SIGINFO


---------------  S Y S T E M  ---------------

OS:
uname: Darwin 20.3.0 Darwin Kernel Version 20.3.0: Thu Jan 21 00:07:06 PST 2021; root:xnu-7195.81.3~1/RELEASE_X86_64 x86_64
OS uptime: 2 days 23:27 hours
rlimit (soft/hard): STACK 8192k/65532k , CORE 0k/infinity , NPROC 2784/4176 , NOFILE 10240/infinity , AS infinity/infinity , CPU infinity/infinity , DATA infinity/infinity , FSIZE infinity/infinity , MEMLOCK infinity/infinity , RSS infinity/infinity
load average: 4.82 3.33 2.82

CPU: total 8 (initial active 8) (4 cores per cpu, 2 threads per core) family 6 model 126 stepping 5 microcode 0xa0, cx8, cmov, fxsr, ht, mmx, 3dnowpref, sse, sse2, sse3, ssse3, sse4.1, sse4.2, popcnt, lzcnt, tsc, tscinvbit, avx, avx2, aes, erms, clmul, bmi1, bmi2, adx, sha, fma, vzeroupper, clflush, clflushopt

Memory: 4k page, physical 16777216k(18772k free), swap 1048576k(949760k free)

vm_info: Java HotSpot(TM) 64-Bit Server VM (17.0.10+11-LTS-240) for bsd-amd64 JRE (17.0.10+11-LTS-240), built on Dec 19 2023 21:56:46 by "mach5one" with clang Apple LLVM 12.0.0 (clang-1200.0.32.29)

END.
